TN:
SF:client\src\App.tsx
FN:13,Router
FN:32,App
FNF:2
FNH:0
FNDA:0,Router
FNDA:0,App
DA:14,0
DA:33,0
LF:2
LH:0
BRF:0
BRH:0
end_of_record
TN:
SF:client\src\main.tsx
FNF:0
FNH:0
DA:5,0
LF:1
LH:0
BRF:0
BRH:0
end_of_record
TN:
SF:client\src\components\activity-chart.tsx
FN:20,ActivityChart
FN:24,(anonymous_1)
FN:25,(anonymous_2)
FN:46,(anonymous_3)
FN:50,(anonymous_4)
FN:72,(anonymous_5)
FN:75,(anonymous_6)
FN:85,(anonymous_7)
FN:121,(anonymous_8)
FN:189,(anonymous_9)
FNF:10
FNH:0
FNDA:0,ActivityChart
FNDA:0,(anonymous_1)
FNDA:0,(anonymous_2)
FNDA:0,(anonymous_3)
FNDA:0,(anonymous_4)
FNDA:0,(anonymous_5)
FNDA:0,(anonymous_6)
FNDA:0,(anonymous_7)
FNDA:0,(anonymous_8)
FNDA:0,(anonymous_9)
DA:21,0
DA:22,0
DA:24,0
DA:25,0
DA:26,0
DA:27,0
DA:28,0
DA:29,0
DA:30,0
DA:33,0
DA:38,0
DA:42,0
DA:44,0
DA:46,0
DA:50,0
DA:51,0
DA:52,0
DA:53,0
DA:55,0
DA:56,0
DA:62,0
DA:72,0
DA:73,0
DA:74,0
DA:75,0
DA:79,0
DA:86,0
DA:117,0
DA:121,0
DA:123,0
DA:189,0
LF:31
LH:0
BRDA:28,0,0,0
BRDA:28,0,1,0
BRDA:55,1,0,0
BRDA:55,1,1,0
BRDA:73,2,0,0
BRDA:73,2,1,0
BRDA:73,3,0,0
BRDA:73,3,1,0
BRDA:73,3,2,0
BRDA:132,4,0,0
BRDA:132,4,1,0
BRDA:138,5,0,0
BRDA:138,5,1,0
BRF:13
BRH:0
end_of_record
TN:
SF:client\src\components\api-endpoints.tsx
FN:23,ApiEndpoints
FN:46,(anonymous_1)
FN:82,(anonymous_2)
FN:128,(anonymous_3)
FNF:4
FNH:0
FNDA:0,ApiEndpoints
FNDA:0,(anonymous_1)
FNDA:0,(anonymous_2)
FNDA:0,(anonymous_3)
DA:29,0
DA:33,0
DA:41,0
DA:42,0
DA:47,0
DA:66,0
DA:67,0
DA:78,0
DA:83,0
DA:129,0
LF:10
LH:0
BRDA:41,0,0,0
BRDA:41,0,1,0
BRDA:66,1,0,0
BRDA:66,1,1,0
BRDA:66,2,0,0
BRDA:66,2,1,0
BRDA:106,3,0,0
BRDA:106,3,1,0
BRDA:112,4,0,0
BRDA:112,4,1,0
BRF:10
BRH:0
end_of_record
TN:
SF:client\src\components\configuration-panel.tsx
FN:7,ConfigurationPanel
FNF:1
FNH:0
FNDA:0,ConfigurationPanel
DA:8,0
LF:1
LH:0
BRF:0
BRH:0
end_of_record
TN:
SF:client\src\components\database-schema.tsx
FN:20,DatabaseSchema
FN:41,(anonymous_1)
FN:71,(anonymous_2)
FN:97,(anonymous_3)
FN:122,(anonymous_4)
FNF:5
FNH:0
FNDA:0,DatabaseSchema
FNDA:0,(anonymous_1)
FNDA:0,(anonymous_2)
FNDA:0,(anonymous_3)
FNDA:0,(anonymous_4)
DA:26,0
DA:30,0
DA:38,0
DA:39,0
DA:42,0
DA:55,0
DA:56,0
DA:69,0
DA:72,0
DA:98,0
DA:123,0
LF:11
LH:0
BRDA:38,0,0,0
BRDA:38,0,1,0
BRDA:55,1,0,0
BRDA:55,1,1,0
BRDA:55,2,0,0
BRDA:55,2,1,0
BRF:6
BRH:0
end_of_record
TN:
SF:client\src\components\event-stream.tsx
FN:16,EventStream
FN:37,(anonymous_1)
FNF:2
FNH:0
FNDA:0,EventStream
FNDA:0,(anonymous_1)
DA:17,0
DA:38,0
LF:2
LH:0
BRDA:32,0,0,0
BRDA:32,0,1,0
BRDA:45,1,0,0
BRDA:45,1,1,0
BRDA:47,2,0,0
BRDA:47,2,1,0
BRDA:56,3,0,0
BRDA:56,3,1,0
BRDA:58,4,0,0
BRDA:58,4,1,0
BRF:10
BRH:0
end_of_record
TN:
SF:client\src\components\firehose-status.tsx
FN:14,FirehoseStatus
FNF:1
FNH:0
FNDA:0,FirehoseStatus
DA:22,0
LF:1
LH:0
BRDA:30,0,0,0
BRDA:30,0,1,0
BRDA:40,1,0,0
BRDA:40,1,1,0
BRF:4
BRH:0
end_of_record
TN:
SF:client\src\components\lexicon-validator-panel.tsx
FN:18,LexiconValidatorPanel
FN:44,(anonymous_1)
FNF:2
FNH:0
FNDA:0,LexiconValidatorPanel
FNDA:0,(anonymous_1)
DA:24,0
DA:28,0
DA:45,0
LF:3
LH:0
BRDA:24,0,0,0
BRDA:38,1,0,0
BRDA:38,1,1,0
BRDA:101,2,0,0
BRDA:101,2,1,0
BRDA:105,3,0,0
BRDA:105,3,1,0
BRDA:122,4,0,0
BRDA:122,4,1,0
BRF:9
BRH:0
end_of_record
TN:
SF:client\src\components\metrics-cards.tsx
FN:11,MetricsCards
FNF:1
FNH:0
FNDA:0,MetricsCards
DA:17,0
LF:1
LH:0
BRDA:65,0,0,0
BRDA:65,0,1,0
BRF:2
BRH:0
end_of_record
TN:
SF:client\src\components\osprey-status.tsx
FN:51,OspreyStatus
FN:120,(anonymous_1)
FNF:2
FNH:0
FNDA:0,OspreyStatus
FNDA:0,(anonymous_1)
DA:52,0
DA:59,0
DA:60,0
DA:80,0
DA:82,0
DA:84,0
DA:86,0
DA:90,0
DA:120,0
DA:131,0
DA:132,0
DA:169,0
DA:170,0
DA:171,0
DA:173,0
DA:174,0
DA:176,0
LF:17
LH:0
BRDA:59,0,0,0
BRDA:59,0,1,0
BRDA:80,1,0,0
BRDA:80,1,1,0
BRDA:80,1,2,0
BRDA:82,2,0,0
BRDA:82,2,1,0
BRDA:84,3,0,0
BRDA:84,3,1,0
BRDA:85,4,0,0
BRDA:85,4,1,0
BRDA:86,5,0,0
BRDA:86,5,1,0
BRDA:131,6,0,0
BRDA:131,6,1,0
BRDA:169,7,0,0
BRDA:169,7,1,0
BRDA:170,8,0,0
BRDA:170,8,1,0
BRDA:170,9,0,0
BRDA:170,9,1,0
BRDA:173,10,0,0
BRDA:173,10,1,0
BRDA:174,11,0,0
BRDA:174,11,1,0
BRDA:190,12,0,0
BRDA:190,12,1,0
BRDA:191,13,0,0
BRDA:191,13,1,0
BRDA:193,14,0,0
BRDA:193,14,1,0
BRDA:203,15,0,0
BRDA:203,15,1,0
BRDA:207,16,0,0
BRDA:207,16,1,0
BRDA:211,17,0,0
BRDA:211,17,1,0
BRDA:214,18,0,0
BRDA:214,18,1,0
BRDA:218,19,0,0
BRDA:218,19,1,0
BRDA:227,20,0,0
BRDA:227,20,1,0
BRDA:232,21,0,0
BRDA:232,21,1,0
BRDA:235,22,0,0
BRDA:235,22,1,0
BRDA:240,23,0,0
BRDA:240,23,1,0
BRDA:249,24,0,0
BRDA:249,24,1,0
BRDA:259,25,0,0
BRDA:259,25,1,0
BRDA:263,26,0,0
BRDA:263,26,1,0
BRDA:267,27,0,0
BRDA:267,27,1,0
BRDA:270,28,0,0
BRDA:270,28,1,0
BRDA:274,29,0,0
BRDA:274,29,1,0
BRDA:279,30,0,0
BRDA:279,30,1,0
BRDA:282,31,0,0
BRDA:282,31,1,0
BRDA:287,32,0,0
BRDA:287,32,1,0
BRDA:310,33,0,0
BRDA:310,33,1,0
BRF:69
BRH:0
end_of_record
TN:
SF:client\src\components\pds-fetcher-status.tsx
FN:22,PDSFetcherStatus
FN:27,(anonymous_1)
FN:41,(anonymous_2)
FN:59,(anonymous_3)
FN:63,(anonymous_4)
FN:66,(anonymous_5)
FN:76,(anonymous_6)
FN:82,(anonymous_7)
FN:152,(anonymous_8)
FN:168,(anonymous_9)
FN:169,(anonymous_10)
FN:184,(anonymous_11)
FN:194,(anonymous_12)
FNF:13
FNH:0
FNDA:0,PDSFetcherStatus
FNDA:0,(anonymous_1)
FNDA:0,(anonymous_2)
FNDA:0,(anonymous_3)
FNDA:0,(anonymous_4)
FNDA:0,(anonymous_5)
FNDA:0,(anonymous_6)
FNDA:0,(anonymous_7)
FNDA:0,(anonymous_8)
FNDA:0,(anonymous_9)
FNDA:0,(anonymous_10)
FNDA:0,(anonymous_11)
FNDA:0,(anonymous_12)
DA:23,0
DA:24,0
DA:25,0
DA:27,0
DA:28,0
DA:29,0
DA:30,0
DA:33,0
DA:35,0
DA:37,0
DA:41,0
DA:42,0
DA:43,0
DA:45,0
DA:48,0
DA:51,0
DA:53,0
DA:55,0
DA:59,0
DA:60,0
DA:62,0
DA:63,0
DA:66,0
DA:67,0
DA:68,0
DA:69,0
DA:71,0
DA:72,0
DA:73,0
DA:76,0
DA:77,0
DA:78,0
DA:79,0
DA:82,0
DA:83,0
DA:84,0
DA:85,0
DA:88,0
DA:89,0
DA:106,0
DA:153,0
DA:168,0
DA:170,0
DA:184,0
DA:194,0
LF:45
LH:0
BRDA:45,0,0,0
BRDA:45,0,1,0
BRDA:71,1,0,0
BRDA:71,1,1,0
BRDA:72,2,0,0
BRDA:72,2,1,0
BRDA:77,3,0,0
BRDA:77,3,1,0
BRDA:78,4,0,0
BRDA:78,4,1,0
BRDA:83,5,0,0
BRDA:83,5,1,0
BRDA:84,6,0,0
BRDA:84,6,1,0
BRDA:88,7,0,0
BRDA:88,7,1,0
BRDA:99,8,0,0
BRDA:99,8,1,0
BRDA:126,9,0,0
BRDA:126,9,1,0
BRDA:148,10,0,0
BRDA:148,10,1,0
BRDA:163,11,0,0
BRDA:163,11,1,0
BRDA:185,12,0,0
BRDA:185,12,1,0
BRDA:189,13,0,0
BRDA:189,13,1,0
BRDA:195,14,0,0
BRDA:195,14,1,0
BRDA:199,15,0,0
BRDA:199,15,1,0
BRDA:204,16,0,0
BRDA:204,16,1,0
BRF:34
BRH:0
end_of_record
TN:
SF:client\src\components\sidebar.tsx
FN:37,Sidebar
FN:56,(anonymous_1)
FN:57,(anonymous_2)
FN:61,(anonymous_3)
FN:94,(anonymous_4)
FN:127,(anonymous_5)
FN:162,(anonymous_6)
FNF:7
FNH:0
FNDA:0,Sidebar
FNDA:0,(anonymous_1)
FNDA:0,(anonymous_2)
FNDA:0,(anonymous_3)
FNDA:0,(anonymous_4)
FNDA:0,(anonymous_5)
FNDA:0,(anonymous_6)
DA:38,0
DA:39,0
DA:40,0
DA:42,0
DA:46,0
DA:53,0
DA:55,0
DA:56,0
DA:58,0
DA:59,0
DA:62,0
DA:70,0
DA:94,0
DA:95,0
DA:96,0
DA:97,0
DA:98,0
DA:103,0
DA:107,0
DA:128,0
DA:129,0
DA:130,0
DA:132,0
DA:162,0
LF:24
LH:0
BRDA:53,0,0,0
BRDA:53,0,1,0
BRDA:64,1,0,0
BRDA:64,1,1,0
BRDA:95,2,0,0
BRDA:95,2,1,0
BRDA:95,3,0,0
BRDA:95,3,1,0
BRDA:96,4,0,0
BRDA:96,4,1,0
BRDA:96,5,0,0
BRDA:96,5,1,0
BRDA:97,6,0,0
BRDA:97,6,1,0
BRDA:97,7,0,0
BRDA:97,7,1,0
BRDA:103,8,0,0
BRDA:103,8,1,0
BRDA:103,8,2,0
BRDA:130,9,0,0
BRDA:130,9,1,0
BRDA:136,10,0,0
BRDA:136,10,1,0
BRDA:146,11,0,0
BRDA:146,11,1,0
BRDA:158,12,0,0
BRDA:158,12,1,0
BRDA:168,13,0,0
BRDA:168,13,1,0
BRF:29
BRH:0
end_of_record
TN:
SF:client\src\components\system-health.tsx
FN:11,SystemHealth
FNF:1
FNH:0
FNDA:0,SystemHealth
DA:17,0
LF:1
LH:0
BRF:0
BRH:0
end_of_record
TN:
SF:client\src\hooks\use-mobile.tsx
FN:5,useIsMobile
FN:9,(anonymous_1)
FN:15,(anonymous_2)
FN:21,(anonymous_3)
FN:25,(anonymous_4)
FNF:5
FNH:0
FNDA:0,useIsMobile
FNDA:0,(anonymous_1)
FNDA:0,(anonymous_2)
FNDA:0,(anonymous_3)
FNDA:0,(anonymous_4)
DA:3,0
DA:7,0
DA:9,0
DA:11,0
DA:12,0
DA:15,0
DA:18,0
DA:20,0
DA:21,0
DA:22,0
DA:24,0
DA:25,0
DA:28,0
LF:13
LH:0
BRDA:11,0,0,0
BRDA:11,0,1,0
BRF:2
BRH:0
end_of_record
TN:
SF:client\src\hooks\use-toast.ts
FN:17,genId
FN:46,(anonymous_1)
FN:51,(anonymous_2)
FN:62,(anonymous_3)
FN:73,(anonymous_4)
FN:86,(anonymous_5)
FN:93,(anonymous_6)
FN:112,(anonymous_7)
FN:121,dispatch
FN:123,(anonymous_9)
FN:130,toast
FN:133,(anonymous_11)
FN:138,(anonymous_12)
FN:146,(anonymous_13)
FN:159,useToast
FN:162,(anonymous_15)
FN:164,(anonymous_16)
FN:175,(anonymous_17)
FNF:18
FNH:11
FNDA:6,genId
FNDA:5,(anonymous_1)
FNDA:0,(anonymous_2)
FNDA:23,(anonymous_3)
FNDA:6,(anonymous_4)
FNDA:2,(anonymous_5)
FNDA:6,(anonymous_6)
FNDA:3,(anonymous_7)
FNDA:8,dispatch
FNDA:0,(anonymous_9)
FNDA:6,toast
FNDA:1,(anonymous_11)
FNDA:1,(anonymous_12)
FNDA:0,(anonymous_13)
FNDA:0,useToast
FNDA:0,(anonymous_15)
FNDA:0,(anonymous_16)
FNDA:0,(anonymous_17)
DA:5,1
DA:6,1
DA:15,1
DA:18,6
DA:19,6
DA:44,1
DA:46,1
DA:47,5
DA:48,2
DA:51,3
DA:52,0
DA:53,0
DA:59,3
DA:62,1
DA:63,23
DA:65,11
DA:71,5
DA:74,6
DA:79,4
DA:83,4
DA:84,3
DA:86,1
DA:87,2
DA:91,4
DA:94,6
DA:104,3
DA:105,1
DA:110,2
DA:112,3
DA:117,1
DA:119,1
DA:122,8
DA:123,8
DA:124,0
DA:131,6
DA:133,6
DA:134,1
DA:138,6
DA:140,6
DA:147,0
DA:152,6
DA:160,0
DA:162,0
DA:163,0
DA:164,0
DA:165,0
DA:166,0
DA:167,0
DA:172,0
DA:175,0
LF:50
LH:37
BRDA:47,0,0,2
BRDA:47,0,1,3
BRDA:63,1,0,11
BRDA:63,1,1,5
BRDA:63,1,2,4
BRDA:63,1,3,3
BRDA:74,2,0,4
BRDA:74,2,1,2
BRDA:83,3,0,3
BRDA:83,3,1,1
BRDA:94,4,0,5
BRDA:94,4,1,1
BRDA:94,5,0,6
BRDA:94,5,1,3
BRDA:104,6,0,1
BRDA:104,6,1,2
BRDA:147,7,0,0
BRDA:147,7,1,0
BRDA:166,8,0,0
BRDA:166,8,1,0
BRF:20
BRH:16
end_of_record
TN:
SF:client\src\lib\api.ts
FN:14,fetchCSRFToken
FN:22,(anonymous_1)
FN:61,refreshCSRFToken
FN:72,(anonymous_3)
FN:146,(anonymous_4)
FN:147,(anonymous_5)
FN:149,(anonymous_6)
FN:151,(anonymous_7)
FNF:8
FNH:8
FNDA:21,fetchCSRFToken
FNDA:11,(anonymous_1)
FNDA:1,refreshCSRFToken
FNDA:10,(anonymous_3)
FNDA:4,(anonymous_4)
FNDA:2,(anonymous_5)
FNDA:1,(anonymous_6)
FNDA:2,(anonymous_7)
DA:11,10
DA:12,10
DA:16,21
DA:19,11
DA:22,11
DA:23,11
DA:24,11
DA:25,11
DA:32,11
DA:33,11
DA:34,11
DA:35,11
DA:36,11
DA:37,11
DA:39,0
DA:42,0
DA:49,0
DA:53,0
DA:54,0
DA:57,11
DA:62,1
DA:63,1
DA:64,1
DA:65,1
DA:69,10
DA:72,10
DA:78,10
DA:80,10
DA:85,10
DA:86,6
DA:89,10
DA:95,10
DA:102,10
DA:104,3
DA:105,1
DA:106,1
DA:107,1
DA:111,1
DA:114,1
DA:115,1
DA:123,2
DA:124,1
DA:127,2
DA:130,2
DA:131,2
DA:133,0
DA:135,2
DA:138,7
DA:139,1
DA:142,6
DA:145,10
DA:146,4
DA:148,2
DA:150,1
DA:151,2
LF:55
LH:49
BRDA:16,0,0,10
BRDA:16,0,1,11
BRDA:19,1,0,0
BRDA:19,1,1,11
BRDA:32,2,0,11
BRDA:32,2,1,0
BRDA:34,3,0,11
BRDA:34,3,1,0
BRDA:76,4,0,10
BRDA:85,5,0,6
BRDA:85,5,1,4
BRDA:85,6,0,10
BRDA:85,6,1,10
BRDA:98,7,0,4
BRDA:98,7,1,6
BRDA:102,8,0,3
BRDA:102,8,1,7
BRDA:104,9,0,1
BRDA:104,9,1,2
BRDA:104,10,0,3
BRDA:104,10,1,1
BRDA:104,10,2,1
BRDA:107,11,0,1
BRDA:107,11,1,0
BRDA:108,12,0,1
BRDA:108,12,1,0
BRDA:123,13,0,1
BRDA:123,13,1,1
BRDA:138,14,0,1
BRDA:138,14,1,6
BRF:30
BRH:25
end_of_record
TN:
SF:client\src\lib\queryClient.ts
FN:7,(anonymous_0)
FN:8,(anonymous_1)
FN:30,(anonymous_2)
FNF:3
FNH:3
FNDA:6,(anonymous_0)
FNDA:5,(anonymous_1)
FNDA:6,(anonymous_2)
DA:7,1
DA:8,6
DA:9,5
DA:10,5
DA:11,5
DA:12,2
DA:14,3
DA:15,3
DA:16,1
DA:19,2
DA:23,1
DA:31,6
DA:32,6
DA:37,3
DA:39,3
LF:15
LH:15
BRDA:15,0,0,1
BRDA:15,0,1,2
BRDA:15,1,0,3
BRDA:15,1,1,2
BRDA:32,2,0,3
BRDA:32,2,1,3
BRDA:33,3,0,6
BRDA:33,3,1,5
BRDA:33,3,2,4
BRF:9
BRH:9
end_of_record
TN:
SF:client\src\lib\utils.ts
FN:4,cn
FNF:1
FNH:1
FNDA:24,cn
DA:5,24
LF:1
LH:1
BRF:0
BRH:0
end_of_record
TN:
SF:client\src\lib\websocket.ts
FN:3,useEventStream
FN:8,(anonymous_1)
FN:12,(anonymous_2)
FN:19,(anonymous_3)
FN:24,(anonymous_4)
FN:33,(anonymous_5)
FN:42,(anonymous_6)
FNF:7
FNH:0
FNDA:0,useEventStream
FNDA:0,(anonymous_1)
FNDA:0,(anonymous_2)
FNDA:0,(anonymous_3)
FNDA:0,(anonymous_4)
FNDA:0,(anonymous_5)
FNDA:0,(anonymous_6)
DA:4,0
DA:5,0
DA:6,0
DA:8,0
DA:9,0
DA:12,0
DA:13,0
DA:14,0
DA:16,0
DA:17,0
DA:19,0
DA:20,0
DA:21,0
DA:24,0
DA:25,0
DA:26,0
DA:27,0
DA:29,0
DA:33,0
DA:34,0
DA:38,0
DA:42,0
DA:43,0
DA:44,0
DA:48,0
DA:52,0
LF:26
LH:0
BRF:0
BRH:0
end_of_record
TN:
SF:client\src\pages\admin-moderation.tsx
FN:63,AdminControlPanel
FN:88,(anonymous_1)
FN:90,(anonymous_2)
FN:119,(anonymous_3)
FN:130,(anonymous_4)
FN:131,(anonymous_5)
FN:147,(anonymous_6)
FN:160,(anonymous_7)
FN:189,(anonymous_8)
FN:191,(anonymous_9)
FN:205,(anonymous_10)
FN:216,(anonymous_11)
FN:218,(anonymous_12)
FN:227,(anonymous_13)
FN:236,(anonymous_14)
FN:253,(anonymous_15)
FN:259,(anonymous_16)
FN:308,(anonymous_17)
FN:309,(anonymous_18)
FN:367,(anonymous_19)
FN:408,(anonymous_20)
FN:423,(anonymous_21)
FN:436,(anonymous_22)
FN:449,(anonymous_23)
FN:487,(anonymous_24)
FN:513,(anonymous_25)
FN:535,(anonymous_26)
FNF:27
FNH:0
FNDA:0,AdminControlPanel
FNDA:0,(anonymous_1)
FNDA:0,(anonymous_2)
FNDA:0,(anonymous_3)
FNDA:0,(anonymous_4)
FNDA:0,(anonymous_5)
FNDA:0,(anonymous_6)
FNDA:0,(anonymous_7)
FNDA:0,(anonymous_8)
FNDA:0,(anonymous_9)
FNDA:0,(anonymous_10)
FNDA:0,(anonymous_11)
FNDA:0,(anonymous_12)
FNDA:0,(anonymous_13)
FNDA:0,(anonymous_14)
FNDA:0,(anonymous_15)
FNDA:0,(anonymous_16)
FNDA:0,(anonymous_17)
FNDA:0,(anonymous_18)
FNDA:0,(anonymous_19)
FNDA:0,(anonymous_20)
FNDA:0,(anonymous_21)
FNDA:0,(anonymous_22)
FNDA:0,(anonymous_23)
FNDA:0,(anonymous_24)
FNDA:0,(anonymous_25)
FNDA:0,(anonymous_26)
DA:64,0
DA:65,0
DA:66,0
DA:67,0
DA:68,0
DA:69,0
DA:70,0
DA:71,0
DA:72,0
DA:79,0
DA:84,0
DA:87,0
DA:89,0
DA:92,0
DA:93,0
DA:95,0
DA:96,0
DA:99,0
DA:100,0
DA:107,0
DA:110,0
DA:112,0
DA:120,0
DA:129,0
DA:130,0
DA:132,0
DA:133,0
DA:141,0
DA:147,0
DA:148,0
DA:149,0
DA:150,0
DA:160,0
DA:161,0
DA:162,0
DA:163,0
DA:168,0
DA:177,0
DA:182,0
DA:188,0
DA:190,0
DA:192,0
DA:196,0
DA:197,0
DA:198,0
DA:199,0
DA:200,0
DA:206,0
DA:215,0
DA:217,0
DA:219,0
DA:223,0
DA:228,0
DA:236,0
DA:237,0
DA:238,0
DA:243,0
DA:246,0
DA:253,0
DA:254,0
DA:255,0
DA:259,0
DA:260,0
DA:261,0
DA:266,0
DA:269,0
DA:274,0
DA:275,0
DA:287,0
DA:288,0
DA:308,0
DA:309,0
DA:346,0
DA:367,0
DA:408,0
DA:424,0
DA:436,0
DA:449,0
DA:487,0
DA:514,0
DA:535,0
LF:81
LH:0
BRDA:84,0,0,0
BRDA:84,0,1,0
BRDA:95,1,0,0
BRDA:95,1,1,0
BRDA:100,2,0,0
BRDA:100,2,1,0
BRDA:101,3,0,0
BRDA:101,3,1,0
BRDA:101,3,2,0
BRDA:101,3,3,0
BRDA:101,3,4,0
BRDA:122,4,0,0
BRDA:122,4,1,0
BRDA:148,5,0,0
BRDA:148,5,1,0
BRDA:149,6,0,0
BRDA:149,6,1,0
BRDA:151,7,0,0
BRDA:151,7,1,0
BRDA:152,8,0,0
BRDA:152,8,1,0
BRDA:153,9,0,0
BRDA:153,9,1,0
BRDA:154,10,0,0
BRDA:154,10,1,0
BRDA:199,11,0,0
BRDA:199,11,1,0
BRDA:208,12,0,0
BRDA:208,12,1,0
BRDA:230,13,0,0
BRDA:230,13,1,0
BRDA:237,14,0,0
BRDA:237,14,1,0
BRDA:237,15,0,0
BRDA:237,15,1,0
BRDA:249,16,0,0
BRDA:249,16,1,0
BRDA:254,17,0,0
BRDA:254,17,1,0
BRDA:260,18,0,0
BRDA:260,18,1,0
BRDA:274,19,0,0
BRDA:274,19,1,0
BRDA:287,20,0,0
BRDA:287,20,1,0
BRDA:309,21,0,0
BRDA:309,21,1,0
BRDA:324,22,0,0
BRDA:324,22,1,0
BRDA:432,23,0,0
BRDA:432,23,1,0
BRDA:458,24,0,0
BRDA:458,24,1,0
BRDA:458,24,2,0
BRDA:463,25,0,0
BRDA:463,25,1,0
BRDA:500,26,0,0
BRDA:500,26,1,0
BRDA:506,27,0,0
BRDA:506,27,1,0
BRDA:526,28,0,0
BRDA:526,28,1,0
BRF:62
BRH:0
end_of_record
TN:
SF:client\src\pages\dashboard.tsx
FN:51,Dashboard
FN:59,(anonymous_1)
FN:95,(anonymous_2)
FN:96,(anonymous_3)
FN:109,(anonymous_4)
FN:113,(anonymous_5)
FN:132,(anonymous_6)
FN:136,(anonymous_7)
FN:162,(anonymous_8)
FN:173,(anonymous_9)
FN:180,(anonymous_10)
FNF:11
FNH:0
FNDA:0,Dashboard
FNDA:0,(anonymous_1)
FNDA:0,(anonymous_2)
FNDA:0,(anonymous_3)
FNDA:0,(anonymous_4)
FNDA:0,(anonymous_5)
FNDA:0,(anonymous_6)
FNDA:0,(anonymous_7)
FNDA:0,(anonymous_8)
FNDA:0,(anonymous_9)
FNDA:0,(anonymous_10)
DA:52,0
DA:57,0
DA:59,0
DA:63,0
DA:87,0
DA:90,0
DA:91,0
DA:92,0
DA:95,0
DA:96,0
DA:97,0
DA:98,0
DA:99,0
DA:101,0
DA:105,0
DA:109,0
DA:110,0
DA:113,0
DA:114,0
DA:115,0
DA:117,0
DA:119,0
DA:121,0
DA:126,0
DA:129,0
DA:130,0
DA:132,0
DA:133,0
DA:136,0
DA:137,0
DA:138,0
DA:140,0
DA:142,0
DA:145,0
DA:146,0
DA:150,0
DA:151,0
DA:153,0
DA:154,0
DA:155,0
DA:158,0
DA:162,0
DA:163,0
DA:170,0
DA:173,0
DA:174,0
DA:176,0
DA:180,0
DA:181,0
DA:182,0
DA:184,0
DA:188,0
LF:52
LH:0
BRDA:140,0,0,0
BRDA:140,0,1,0
BRDA:140,1,0,0
BRDA:140,1,1,0
BRDA:145,2,0,0
BRDA:145,2,1,0
BRDA:151,3,0,0
BRDA:151,3,1,0
BRDA:154,4,0,0
BRDA:154,4,1,0
BRDA:174,5,0,0
BRDA:174,5,1,0
BRDA:203,6,0,0
BRDA:203,6,1,0
BRDA:207,7,0,0
BRDA:207,7,1,0
BRDA:216,8,0,0
BRDA:216,8,1,0
BRDA:245,9,0,0
BRDA:245,9,1,0
BRDA:342,10,0,0
BRDA:342,10,1,0
BRDA:356,11,0,0
BRDA:356,11,1,0
BRDA:370,12,0,0
BRDA:370,12,1,0
BRDA:393,13,0,0
BRDA:393,13,1,0
BRDA:407,14,0,0
BRDA:407,14,1,0
BRDA:409,15,0,0
BRDA:409,15,1,0
BRDA:411,16,0,0
BRDA:411,16,1,0
BRDA:412,17,0,0
BRDA:412,17,1,0
BRDA:438,18,0,0
BRDA:438,18,1,0
BRF:38
BRH:0
end_of_record
TN:
SF:client\src\pages\instance-policy.tsx
FN:35,InstancePolicyPage
FN:63,(anonymous_1)
FN:64,(anonymous_2)
FN:65,(anonymous_3)
FN:66,(anonymous_4)
FN:69,(anonymous_5)
FN:82,(anonymous_6)
FN:212,(anonymous_7)
FN:253,(anonymous_8)
FN:294,(anonymous_9)
FN:332,(anonymous_10)
FNF:11
FNH:0
FNDA:0,InstancePolicyPage
FNDA:0,(anonymous_1)
FNDA:0,(anonymous_2)
FNDA:0,(anonymous_3)
FNDA:0,(anonymous_4)
FNDA:0,(anonymous_5)
FNDA:0,(anonymous_6)
FNDA:0,(anonymous_7)
FNDA:0,(anonymous_8)
FNDA:0,(anonymous_9)
FNDA:0,(anonymous_10)
DA:36,0
DA:40,0
DA:41,0
DA:51,0
DA:52,0
DA:61,0
DA:62,0
DA:63,0
DA:64,0
DA:65,0
DA:66,0
DA:69,0
DA:70,0
DA:72,0
DA:74,0
DA:76,0
DA:78,0
DA:82,0
DA:83,0
DA:85,0
DA:87,0
DA:89,0
DA:91,0
DA:95,0
DA:213,0
DA:254,0
DA:295,0
DA:333,0
LF:28
LH:0
BRDA:40,0,0,0
BRDA:40,0,1,0
BRDA:51,1,0,0
BRDA:51,1,1,0
BRDA:70,2,0,0
BRDA:70,2,1,0
BRDA:70,2,2,0
BRDA:70,2,3,0
BRDA:83,3,0,0
BRDA:83,3,1,0
BRDA:83,3,2,0
BRDA:83,3,3,0
BRDA:109,4,0,0
BRDA:109,4,1,0
BRDA:183,5,0,0
BRDA:183,5,1,0
BRDA:184,6,0,0
BRDA:184,6,1,0
BRDA:199,7,0,0
BRDA:199,7,1,0
BRDA:240,8,0,0
BRDA:240,8,1,0
BRDA:281,9,0,0
BRDA:281,9,1,0
BRDA:322,10,0,0
BRDA:322,10,1,0
BRF:26
BRH:0
end_of_record
TN:
SF:client\src\pages\login.tsx
FN:18,sanitizeText
FN:24,LoginPage
FN:29,(anonymous_2)
FN:68,(anonymous_3)
FN:70,(anonymous_4)
FN:92,(anonymous_5)
FN:101,(anonymous_6)
FN:151,(anonymous_7)
FN:152,(anonymous_8)
FNF:9
FNH:0
FNDA:0,sanitizeText
FNDA:0,LoginPage
FNDA:0,(anonymous_2)
FNDA:0,(anonymous_3)
FNDA:0,(anonymous_4)
FNDA:0,(anonymous_5)
FNDA:0,(anonymous_6)
FNDA:0,(anonymous_7)
FNDA:0,(anonymous_8)
DA:19,0
DA:25,0
DA:26,0
DA:27,0
DA:29,0
DA:30,0
DA:31,0
DA:32,0
DA:34,0
DA:35,0
DA:40,0
DA:43,0
DA:47,0
DA:52,0
DA:54,0
DA:60,0
DA:61,0
DA:64,0
DA:67,0
DA:69,0
DA:72,0
DA:73,0
DA:75,0
DA:76,0
DA:78,0
DA:85,0
DA:93,0
DA:101,0
DA:102,0
DA:103,0
DA:108,0
DA:111,0
DA:116,0
DA:117,0
DA:131,0
DA:151,0
DA:152,0
LF:37
LH:0
BRDA:34,0,0,0
BRDA:34,0,1,0
BRDA:43,1,0,0
BRDA:43,1,1,0
BRDA:75,2,0,0
BRDA:75,2,1,0
BRDA:95,3,0,0
BRDA:95,3,1,0
BRDA:102,4,0,0
BRDA:102,4,1,0
BRDA:116,5,0,0
BRDA:116,5,1,0
BRDA:152,6,0,0
BRDA:152,6,1,0
BRDA:167,7,0,0
BRDA:167,7,1,0
BRF:16
BRH:0
end_of_record
TN:
SF:client\src\pages\not-found.tsx
FN:4,NotFound
FNF:1
FNH:0
FNDA:0,NotFound
DA:5,0
LF:1
LH:0
BRF:0
BRH:0
end_of_record
TN:
SF:client\src\pages\user-panel.tsx
FN:44,UserPanel
FN:74,(anonymous_1)
FN:76,(anonymous_2)
FN:85,(anonymous_3)
FN:96,(anonymous_4)
FN:98,(anonymous_5)
FN:107,(anonymous_6)
FN:118,(anonymous_7)
FN:120,(anonymous_8)
FN:130,(anonymous_9)
FN:141,(anonymous_10)
FN:143,(anonymous_11)
FN:151,(anonymous_12)
FN:162,(anonymous_13)
FN:164,(anonymous_14)
FN:171,(anonymous_15)
FN:182,(anonymous_16)
FN:184,(anonymous_17)
FN:193,(anonymous_18)
FN:204,(anonymous_19)
FN:208,(anonymous_20)
FN:219,(anonymous_21)
FN:230,(anonymous_22)
FN:231,(anonymous_23)
FN:237,(anonymous_24)
FN:261,(anonymous_25)
FN:273,(anonymous_26)
FN:305,(anonymous_27)
FN:329,(anonymous_28)
FN:372,(anonymous_29)
FN:425,(anonymous_30)
FN:452,(anonymous_31)
FN:478,(anonymous_32)
FN:504,(anonymous_33)
FNF:34
FNH:0
FNDA:0,UserPanel
FNDA:0,(anonymous_1)
FNDA:0,(anonymous_2)
FNDA:0,(anonymous_3)
FNDA:0,(anonymous_4)
FNDA:0,(anonymous_5)
FNDA:0,(anonymous_6)
FNDA:0,(anonymous_7)
FNDA:0,(anonymous_8)
FNDA:0,(anonymous_9)
FNDA:0,(anonymous_10)
FNDA:0,(anonymous_11)
FNDA:0,(anonymous_12)
FNDA:0,(anonymous_13)
FNDA:0,(anonymous_14)
FNDA:0,(anonymous_15)
FNDA:0,(anonymous_16)
FNDA:0,(anonymous_17)
FNDA:0,(anonymous_18)
FNDA:0,(anonymous_19)
FNDA:0,(anonymous_20)
FNDA:0,(anonymous_21)
FNDA:0,(anonymous_22)
FNDA:0,(anonymous_23)
FNDA:0,(anonymous_24)
FNDA:0,(anonymous_25)
FNDA:0,(anonymous_26)
FNDA:0,(anonymous_27)
FNDA:0,(anonymous_28)
FNDA:0,(anonymous_29)
FNDA:0,(anonymous_30)
FNDA:0,(anonymous_31)
FNDA:0,(anonymous_32)
FNDA:0,(anonymous_33)
DA:45,0
DA:46,0
DA:47,0
DA:49,0
DA:56,0
DA:57,0
DA:60,0
DA:66,0
DA:73,0
DA:75,0
DA:77,0
DA:82,0
DA:83,0
DA:86,0
DA:95,0
DA:97,0
DA:99,0
DA:104,0
DA:105,0
DA:108,0
DA:117,0
DA:119,0
DA:121,0
DA:127,0
DA:128,0
DA:131,0
DA:140,0
DA:142,0
DA:144,0
DA:152,0
DA:161,0
DA:163,0
DA:165,0
DA:172,0
DA:181,0
DA:183,0
DA:185,0
DA:190,0
DA:191,0
DA:194,0
DA:203,0
DA:205,0
DA:209,0
DA:217,0
DA:220,0
DA:229,0
DA:230,0
DA:232,0
DA:233,0
DA:237,0
DA:238,0
DA:239,0
DA:240,0
DA:246,0
DA:249,0
DA:250,0
DA:255,0
DA:258,0
DA:261,0
DA:262,0
DA:267,0
DA:270,0
DA:273,0
DA:274,0
DA:277,0
DA:278,0
DA:290,0
DA:291,0
DA:305,0
DA:317,0
DA:329,0
DA:372,0
DA:425,0
DA:452,0
DA:478,0
DA:504,0
LF:76
LH:0
BRDA:56,0,0,0
BRDA:56,0,1,0
BRDA:80,1,0,0
BRDA:80,1,1,0
BRDA:88,2,0,0
BRDA:88,2,1,0
BRDA:102,3,0,0
BRDA:102,3,1,0
BRDA:110,4,0,0
BRDA:110,4,1,0
BRDA:124,5,0,0
BRDA:124,5,1,0
BRDA:133,6,0,0
BRDA:133,6,1,0
BRDA:147,7,0,0
BRDA:147,7,1,0
BRDA:154,8,0,0
BRDA:154,8,1,0
BRDA:168,9,0,0
BRDA:168,9,1,0
BRDA:174,10,0,0
BRDA:174,10,1,0
BRDA:188,11,0,0
BRDA:188,11,1,0
BRDA:196,12,0,0
BRDA:196,12,1,0
BRDA:210,13,0,0
BRDA:210,13,1,0
BRDA:213,14,0,0
BRDA:213,14,1,0
BRDA:222,15,0,0
BRDA:222,15,1,0
BRDA:239,16,0,0
BRDA:239,16,1,0
BRDA:239,17,0,0
BRDA:239,17,1,0
BRDA:249,18,0,0
BRDA:249,18,1,0
BRDA:262,19,0,0
BRDA:262,19,1,0
BRDA:277,20,0,0
BRDA:277,20,1,0
BRDA:290,21,0,0
BRDA:290,21,1,0
BRDA:351,22,0,0
BRDA:351,22,1,0
BRDA:377,23,0,0
BRDA:377,23,1,0
BRDA:379,24,0,0
BRDA:379,24,1,0
BRDA:389,25,0,0
BRDA:389,25,1,0
BRDA:431,26,0,0
BRDA:431,26,1,0
BRDA:458,27,0,0
BRDA:458,27,1,0
BRDA:484,28,0,0
BRDA:484,28,1,0
BRDA:510,29,0,0
BRDA:510,29,1,0
BRDA:557,30,0,0
BRDA:557,30,1,0
BRDA:566,31,0,0
BRDA:566,31,1,0
BRDA:575,32,0,0
BRDA:575,32,1,0
BRDA:584,33,0,0
BRDA:584,33,1,0
BRDA:591,34,0,0
BRDA:591,34,1,0
BRDA:620,35,0,0
BRDA:620,35,1,0
BRDA:627,36,0,0
BRDA:627,36,1,0
BRDA:675,37,0,0
BRDA:675,37,1,0
BRF:76
BRH:0
end_of_record
TN:
SF:server\background-jobs.ts
FN:15,cleanupExpiredSessions
FN:29,cleanupExpiredOAuthStates
FN:45,logPoolStatus
FN:56,startBackgroundJobs
FN:80,(anonymous_4)
FN:89,(anonymous_5)
FNF:6
FNH:5
FNDA:4,cleanupExpiredSessions
FNDA:3,cleanupExpiredOAuthStates
FNDA:65,logPoolStatus
FNDA:6,startBackgroundJobs
FNDA:3,(anonymous_4)
FNDA:0,(anonymous_5)
DA:16,4
DA:17,4
DA:18,4
DA:19,4
DA:21,0
DA:30,3
DA:31,3
DA:35,3
DA:37,0
DA:46,65
DA:47,65
DA:49,0
DA:57,6
DA:58,1
DA:59,1
DA:62,5
DA:65,5
DA:71,5
DA:77,5
DA:80,5
DA:81,3
DA:82,3
DA:86,5
DA:89,5
DA:90,0
DA:91,0
DA:92,0
DA:93,0
DA:96,5
LF:29
LH:22
BRDA:57,0,0,1
BRDA:57,0,1,5
BRF:2
BRH:2
end_of_record
TN:
SF:server\bounded-map.ts
FN:10,(anonymous_0)
FN:26,(anonymous_1)
FN:47,(anonymous_2)
FN:60,(anonymous_3)
FN:71,(anonymous_4)
FN:79,(anonymous_5)
FN:92,(anonymous_6)
FN:99,(anonymous_7)
FN:110,(anonymous_8)
FN:117,(anonymous_9)
FN:130,(anonymous_10)
FN:143,(anonymous_11)
FN:161,(anonymous_12)
FN:166,(anonymous_13)
FN:180,(anonymous_14)
FN:191,(anonymous_15)
FN:199,(anonymous_16)
FN:205,(anonymous_17)
FNF:18
FNH:18
FNDA:57,(anonymous_0)
FNDA:48,(anonymous_1)
FNDA:28,(anonymous_2)
FNDA:2,(anonymous_3)
FNDA:1,(anonymous_4)
FNDA:50,(anonymous_5)
FNDA:2,(anonymous_6)
FNDA:3,(anonymous_7)
FNDA:2,(anonymous_8)
FNDA:1,(anonymous_9)
FNDA:26,(anonymous_10)
FNDA:16,(anonymous_11)
FNDA:2,(anonymous_12)
FNDA:3,(anonymous_13)
FNDA:1,(anonymous_14)
FNDA:1,(anonymous_15)
FNDA:2,(anonymous_16)
FNDA:2,(anonymous_17)
DA:8,57
DA:13,57
DA:14,57
DA:15,2
DA:17,55
DA:19,55
DA:20,0
DA:21,0
DA:28,48
DA:29,11
DA:30,11
DA:31,11
DA:36,48
DA:39,48
DA:42,48
DA:44,48
DA:48,28
DA:49,28
DA:51,19
DA:52,19
DA:53,19
DA:54,19
DA:57,28
DA:61,2
DA:62,2
DA:63,1
DA:64,1
DA:65,1
DA:68,2
DA:72,1
DA:73,1
DA:80,50
DA:82,4
DA:83,4
DA:84,4
DA:93,2
DA:100,3
DA:101,1
DA:103,2
DA:104,2
DA:111,2
DA:118,1
DA:135,26
DA:136,26
DA:137,26
DA:144,16
DA:147,16
DA:148,1
DA:151,1
DA:154,16
DA:155,16
DA:162,2
DA:163,2
DA:165,1
DA:166,3
DA:168,1
DA:169,0
DA:170,1
DA:171,1
DA:174,1
DA:181,1
DA:182,1
DA:183,2
DA:185,1
DA:198,1
DA:199,2
DA:201,1
DA:205,2
LF:68
LH:65
BRDA:14,0,0,2
BRDA:14,0,1,55
BRDA:19,1,0,0
BRDA:19,1,1,55
BRDA:28,2,0,11
BRDA:28,2,1,37
BRDA:30,3,0,11
BRDA:30,3,1,0
BRDA:49,4,0,19
BRDA:49,4,1,9
BRDA:52,5,0,19
BRDA:52,5,1,0
BRDA:62,6,0,1
BRDA:62,6,1,1
BRDA:64,7,0,1
BRDA:64,7,1,0
BRDA:83,8,0,4
BRDA:83,8,1,0
BRDA:100,9,0,1
BRDA:100,9,1,2
BRDA:117,10,0,1
BRDA:132,11,0,26
BRDA:144,12,0,16
BRDA:144,12,1,7
BRDA:147,13,0,1
BRDA:147,13,1,15
BRDA:163,14,0,1
BRDA:163,14,1,1
BRDA:168,15,0,0
BRDA:168,15,1,1
BRDA:170,16,0,1
BRDA:170,16,1,0
BRDA:204,17,0,1
BRDA:204,17,1,0
BRDA:205,18,0,1
BRDA:205,18,1,0
BRF:36
BRH:27
end_of_record
TN:
SF:server\db.ts
FN:36,createDbPool
FN:115,(anonymous_1)
FN:120,(anonymous_2)
FNF:3
FNH:0
FNDA:0,createDbPool
FNDA:0,(anonymous_1)
FNDA:0,(anonymous_2)
DA:12,0
DA:13,0
DA:18,0
DA:22,0
DA:40,0
DA:44,0
DA:46,0
DA:48,0
DA:58,0
DA:59,0
DA:60,0
DA:62,0
DA:71,0
DA:72,0
DA:73,0
DA:86,0
DA:87,0
DA:92,0
DA:96,0
DA:101,0
DA:108,0
DA:114,0
DA:115,0
DA:116,0
DA:120,0
DA:121,0
LF:26
LH:0
BRDA:12,0,0,0
BRDA:12,0,1,0
BRDA:22,1,0,0
BRDA:22,1,1,0
BRDA:22,1,2,0
BRDA:38,2,0,0
BRDA:44,3,0,0
BRDA:44,3,1,0
BRDA:51,4,0,0
BRDA:51,4,1,0
BRDA:64,5,0,0
BRDA:64,5,1,0
BRDA:86,6,0,0
BRDA:86,6,1,0
BRDA:88,7,0,0
BRDA:88,7,1,0
BRDA:92,8,0,0
BRDA:92,8,1,0
BRDA:92,9,0,0
BRDA:92,9,1,0
BRDA:97,10,0,0
BRDA:97,10,1,0
BRDA:103,11,0,0
BRDA:103,11,1,0
BRDA:114,12,0,0
BRDA:114,12,1,0
BRF:26
BRH:0
end_of_record
TN:
SF:server\pool-metrics.ts
FN:23,(anonymous_0)
FN:31,(anonymous_1)
FN:57,(anonymous_2)
FN:81,(anonymous_3)
FN:88,(anonymous_4)
FN:95,(anonymous_5)
FN:102,(anonymous_6)
FN:109,(anonymous_7)
FN:129,(anonymous_8)
FN:133,(anonymous_9)
FN:141,(anonymous_10)
FN:163,registerPool
FN:175,getMonitor
FN:182,getAllMonitors
FN:189,logAllPoolStatus
FNF:15
FNH:15
FNDA:23,(anonymous_0)
FNDA:127,(anonymous_1)
FNDA:127,(anonymous_2)
FNDA:6,(anonymous_3)
FNDA:7,(anonymous_4)
FNDA:3,(anonymous_5)
FNDA:3,(anonymous_6)
FNDA:2,(anonymous_7)
FNDA:2,(anonymous_8)
FNDA:2,(anonymous_9)
FNDA:4,(anonymous_10)
FNDA:7,registerPool
FNDA:3,getMonitor
FNDA:10,getAllMonitors
FNDA:2,logAllPoolStatus
DA:18,23
DA:19,23
DA:20,23
DA:21,23
DA:24,23
DA:25,23
DA:32,127
DA:34,127
DA:43,127
DA:44,127
DA:45,10
DA:49,127
DA:51,127
DA:58,127
DA:60,127
DA:61,1
DA:64,126
DA:65,1
DA:71,127
DA:72,2
DA:82,6
DA:89,7
DA:101,3
DA:102,3
DA:104,3
DA:105,2
DA:108,1
DA:109,2
DA:118,1
DA:130,2
DA:133,2
DA:134,2
DA:142,4
DA:143,4
DA:144,1
DA:145,1
DA:148,3
DA:149,3
DA:158,1
DA:167,7
DA:168,7
DA:169,7
DA:176,3
DA:183,10
DA:190,2
DA:191,2
DA:192,2
DA:194,2
LF:48
LH:48
BRDA:25,0,0,23
BRDA:35,1,0,127
BRDA:35,1,1,0
BRDA:35,1,2,0
BRDA:36,2,0,127
BRDA:36,2,1,0
BRDA:37,3,0,127
BRDA:37,3,1,2
BRDA:37,3,2,2
BRDA:38,4,0,127
BRDA:38,4,1,125
BRDA:38,4,2,125
BRDA:44,5,0,10
BRDA:44,5,1,117
BRDA:60,6,0,1
BRDA:60,6,1,126
BRDA:64,7,0,1
BRDA:64,7,1,125
BRDA:71,8,0,2
BRDA:71,8,1,125
BRDA:82,9,0,6
BRDA:82,9,1,2
BRDA:95,10,0,3
BRDA:104,11,0,2
BRDA:104,11,1,1
BRDA:129,12,0,2
BRDA:143,13,0,1
BRDA:143,13,1,3
BRF:28
BRH:25
end_of_record
TN:
SF:server\routes.ts
FN:49,registerRoutes
FN:58,(anonymous_1)
FN:68,(anonymous_2)
FN:77,(anonymous_3)
FN:94,(anonymous_4)
FN:102,(anonymous_5)
FN:208,(anonymous_6)
FN:249,(anonymous_7)
FN:292,(anonymous_8)
FN:293,(anonymous_9)
FN:352,(anonymous_10)
FN:363,(anonymous_11)
FN:376,(anonymous_12)
FN:444,(anonymous_13)
FN:575,(anonymous_14)
FN:641,(anonymous_15)
FN:653,(anonymous_16)
FN:665,(anonymous_17)
FN:689,(anonymous_18)
FN:749,(anonymous_19)
FN:832,(anonymous_20)
FN:833,(anonymous_21)
FN:841,(anonymous_22)
FN:842,(anonymous_23)
FN:862,(anonymous_24)
FN:874,(anonymous_25)
FN:899,(anonymous_26)
FN:935,(anonymous_27)
FN:956,(anonymous_28)
FN:1037,(anonymous_29)
FN:1053,(anonymous_30)
FN:1078,(anonymous_31)
FN:1115,(anonymous_32)
FN:1137,(anonymous_33)
FN:1229,(anonymous_34)
FN:1253,(anonymous_35)
FN:1288,(anonymous_36)
FN:1312,(anonymous_37)
FN:1347,(anonymous_38)
FN:1365,(anonymous_39)
FN:1394,(anonymous_40)
FN:1412,(anonymous_41)
FN:1440,(anonymous_42)
FN:1470,(anonymous_43)
FN:1508,(anonymous_44)
FN:1569,(anonymous_45)
FN:1575,(anonymous_46)
FN:1581,(anonymous_47)
FN:1587,(anonymous_48)
FN:1593,(anonymous_49)
FN:1599,(anonymous_50)
FN:1605,(anonymous_51)
FN:1611,(anonymous_52)
FN:1617,(anonymous_53)
FN:1623,(anonymous_54)
FN:1629,(anonymous_55)
FN:1635,(anonymous_56)
FN:1641,(anonymous_57)
FN:1647,(anonymous_58)
FN:1653,(anonymous_59)
FN:1659,(anonymous_60)
FN:1665,(anonymous_61)
FN:1671,(anonymous_62)
FN:1677,(anonymous_63)
FN:1735,(anonymous_64)
FN:1926,(anonymous_65)
FN:2032,(anonymous_66)
FN:2091,(anonymous_67)
FN:2196,(anonymous_68)
FN:2251,(anonymous_69)
FN:2277,(anonymous_70)
FN:2321,(anonymous_71)
FN:2370,(anonymous_72)
FN:2395,(anonymous_73)
FN:2408,(anonymous_74)
FN:2456,(anonymous_75)
FN:2481,(anonymous_76)
FN:2492,(anonymous_77)
FN:2539,(anonymous_78)
FN:2572,(anonymous_79)
FN:2589,(anonymous_80)
FN:2601,(anonymous_81)
FN:2630,(anonymous_82)
FN:2652,(anonymous_83)
FN:2688,(anonymous_84)
FN:2716,(anonymous_85)
FN:2750,(anonymous_86)
FN:2795,(anonymous_87)
FN:2828,(anonymous_88)
FN:2863,(anonymous_89)
FN:2886,(anonymous_90)
FN:2899,(anonymous_91)
FN:2914,(anonymous_92)
FN:2932,(anonymous_93)
FN:2995,(anonymous_94)
FN:3021,(anonymous_95)
FN:3055,(anonymous_96)
FN:3094,(anonymous_97)
FN:3131,(anonymous_98)
FN:3161,(anonymous_99)
FN:3197,(anonymous_100)
FN:3221,(anonymous_101)
FN:3241,(anonymous_102)
FN:3260,(anonymous_103)
FN:3279,(anonymous_104)
FN:3305,(anonymous_105)
FN:3327,(anonymous_106)
FN:3353,(anonymous_107)
FN:3372,(anonymous_108)
FN:3416,(anonymous_109)
FN:3425,(anonymous_110)
FN:3437,(anonymous_111)
FN:3452,(anonymous_112)
FN:3808,(anonymous_113)
FN:3815,(anonymous_114)
FN:3875,(anonymous_115)
FN:3889,(anonymous_116)
FN:3905,(anonymous_117)
FN:3937,(anonymous_118)
FN:3990,(anonymous_119)
FN:3993,(anonymous_120)
FN:4001,(anonymous_121)
FN:4004,(anonymous_122)
FN:4024,(anonymous_123)
FN:4086,(anonymous_124)
FN:4089,(anonymous_125)
FN:4097,(anonymous_126)
FN:4100,(anonymous_127)
FN:4125,(anonymous_128)
FN:4199,(anonymous_129)
FN:4294,(anonymous_130)
FN:4344,(anonymous_131)
FN:4363,(anonymous_132)
FN:4379,(anonymous_133)
FN:4390,(anonymous_134)
FN:4396,(anonymous_135)
FN:4401,(anonymous_136)
FN:4652,(anonymous_137)
FN:4659,(anonymous_138)
FN:4671,(anonymous_139)
FN:4688,(anonymous_140)
FN:4719,(anonymous_141)
FN:4729,(anonymous_142)
FN:4734,(anonymous_143)
FN:4741,(anonymous_144)
FN:4757,(anonymous_145)
FN:4772,(anonymous_146)
FN:4781,(anonymous_147)
FN:4824,(anonymous_148)
FN:4833,(anonymous_149)
FN:4839,(anonymous_150)
FN:4845,(anonymous_151)
FN:4864,(anonymous_152)
FN:4907,(anonymous_153)
FN:4940,(anonymous_154)
FN:4952,(anonymous_155)
FN:4958,(anonymous_156)
FN:4971,(anonymous_157)
FN:4992,(anonymous_158)
FN:5000,(anonymous_159)
FN:5032,(anonymous_160)
FN:5049,(anonymous_161)
FN:5086,(anonymous_162)
FN:5090,(anonymous_163)
FN:5104,(anonymous_164)
FN:5109,(anonymous_165)
FN:5125,(anonymous_166)
FN:5144,(anonymous_167)
FN:5152,(anonymous_168)
FN:5159,(anonymous_169)
FN:5167,(anonymous_170)
FN:5173,(anonymous_171)
FN:5212,(anonymous_172)
FN:5217,(anonymous_173)
FNF:174
FNH:0
FNDA:0,registerRoutes
FNDA:0,(anonymous_1)
FNDA:0,(anonymous_2)
FNDA:0,(anonymous_3)
FNDA:0,(anonymous_4)
FNDA:0,(anonymous_5)
FNDA:0,(anonymous_6)
FNDA:0,(anonymous_7)
FNDA:0,(anonymous_8)
FNDA:0,(anonymous_9)
FNDA:0,(anonymous_10)
FNDA:0,(anonymous_11)
FNDA:0,(anonymous_12)
FNDA:0,(anonymous_13)
FNDA:0,(anonymous_14)
FNDA:0,(anonymous_15)
FNDA:0,(anonymous_16)
FNDA:0,(anonymous_17)
FNDA:0,(anonymous_18)
FNDA:0,(anonymous_19)
FNDA:0,(anonymous_20)
FNDA:0,(anonymous_21)
FNDA:0,(anonymous_22)
FNDA:0,(anonymous_23)
FNDA:0,(anonymous_24)
FNDA:0,(anonymous_25)
FNDA:0,(anonymous_26)
FNDA:0,(anonymous_27)
FNDA:0,(anonymous_28)
FNDA:0,(anonymous_29)
FNDA:0,(anonymous_30)
FNDA:0,(anonymous_31)
FNDA:0,(anonymous_32)
FNDA:0,(anonymous_33)
FNDA:0,(anonymous_34)
FNDA:0,(anonymous_35)
FNDA:0,(anonymous_36)
FNDA:0,(anonymous_37)
FNDA:0,(anonymous_38)
FNDA:0,(anonymous_39)
FNDA:0,(anonymous_40)
FNDA:0,(anonymous_41)
FNDA:0,(anonymous_42)
FNDA:0,(anonymous_43)
FNDA:0,(anonymous_44)
FNDA:0,(anonymous_45)
FNDA:0,(anonymous_46)
FNDA:0,(anonymous_47)
FNDA:0,(anonymous_48)
FNDA:0,(anonymous_49)
FNDA:0,(anonymous_50)
FNDA:0,(anonymous_51)
FNDA:0,(anonymous_52)
FNDA:0,(anonymous_53)
FNDA:0,(anonymous_54)
FNDA:0,(anonymous_55)
FNDA:0,(anonymous_56)
FNDA:0,(anonymous_57)
FNDA:0,(anonymous_58)
FNDA:0,(anonymous_59)
FNDA:0,(anonymous_60)
FNDA:0,(anonymous_61)
FNDA:0,(anonymous_62)
FNDA:0,(anonymous_63)
FNDA:0,(anonymous_64)
FNDA:0,(anonymous_65)
FNDA:0,(anonymous_66)
FNDA:0,(anonymous_67)
FNDA:0,(anonymous_68)
FNDA:0,(anonymous_69)
FNDA:0,(anonymous_70)
FNDA:0,(anonymous_71)
FNDA:0,(anonymous_72)
FNDA:0,(anonymous_73)
FNDA:0,(anonymous_74)
FNDA:0,(anonymous_75)
FNDA:0,(anonymous_76)
FNDA:0,(anonymous_77)
FNDA:0,(anonymous_78)
FNDA:0,(anonymous_79)
FNDA:0,(anonymous_80)
FNDA:0,(anonymous_81)
FNDA:0,(anonymous_82)
FNDA:0,(anonymous_83)
FNDA:0,(anonymous_84)
FNDA:0,(anonymous_85)
FNDA:0,(anonymous_86)
FNDA:0,(anonymous_87)
FNDA:0,(anonymous_88)
FNDA:0,(anonymous_89)
FNDA:0,(anonymous_90)
FNDA:0,(anonymous_91)
FNDA:0,(anonymous_92)
FNDA:0,(anonymous_93)
FNDA:0,(anonymous_94)
FNDA:0,(anonymous_95)
FNDA:0,(anonymous_96)
FNDA:0,(anonymous_97)
FNDA:0,(anonymous_98)
FNDA:0,(anonymous_99)
FNDA:0,(anonymous_100)
FNDA:0,(anonymous_101)
FNDA:0,(anonymous_102)
FNDA:0,(anonymous_103)
FNDA:0,(anonymous_104)
FNDA:0,(anonymous_105)
FNDA:0,(anonymous_106)
FNDA:0,(anonymous_107)
FNDA:0,(anonymous_108)
FNDA:0,(anonymous_109)
FNDA:0,(anonymous_110)
FNDA:0,(anonymous_111)
FNDA:0,(anonymous_112)
FNDA:0,(anonymous_113)
FNDA:0,(anonymous_114)
FNDA:0,(anonymous_115)
FNDA:0,(anonymous_116)
FNDA:0,(anonymous_117)
FNDA:0,(anonymous_118)
FNDA:0,(anonymous_119)
FNDA:0,(anonymous_120)
FNDA:0,(anonymous_121)
FNDA:0,(anonymous_122)
FNDA:0,(anonymous_123)
FNDA:0,(anonymous_124)
FNDA:0,(anonymous_125)
FNDA:0,(anonymous_126)
FNDA:0,(anonymous_127)
FNDA:0,(anonymous_128)
FNDA:0,(anonymous_129)
FNDA:0,(anonymous_130)
FNDA:0,(anonymous_131)
FNDA:0,(anonymous_132)
FNDA:0,(anonymous_133)
FNDA:0,(anonymous_134)
FNDA:0,(anonymous_135)
FNDA:0,(anonymous_136)
FNDA:0,(anonymous_137)
FNDA:0,(anonymous_138)
FNDA:0,(anonymous_139)
FNDA:0,(anonymous_140)
FNDA:0,(anonymous_141)
FNDA:0,(anonymous_142)
FNDA:0,(anonymous_143)
FNDA:0,(anonymous_144)
FNDA:0,(anonymous_145)
FNDA:0,(anonymous_146)
FNDA:0,(anonymous_147)
FNDA:0,(anonymous_148)
FNDA:0,(anonymous_149)
FNDA:0,(anonymous_150)
FNDA:0,(anonymous_151)
FNDA:0,(anonymous_152)
FNDA:0,(anonymous_153)
FNDA:0,(anonymous_154)
FNDA:0,(anonymous_155)
FNDA:0,(anonymous_156)
FNDA:0,(anonymous_157)
FNDA:0,(anonymous_158)
FNDA:0,(anonymous_159)
FNDA:0,(anonymous_160)
FNDA:0,(anonymous_161)
FNDA:0,(anonymous_162)
FNDA:0,(anonymous_163)
FNDA:0,(anonymous_164)
FNDA:0,(anonymous_165)
FNDA:0,(anonymous_166)
FNDA:0,(anonymous_167)
FNDA:0,(anonymous_168)
FNDA:0,(anonymous_169)
FNDA:0,(anonymous_170)
FNDA:0,(anonymous_171)
FNDA:0,(anonymous_172)
FNDA:0,(anonymous_173)
DA:55,0
DA:58,0
DA:61,0
DA:64,0
DA:65,0
DA:68,0
DA:69,0
DA:72,0
DA:73,0
DA:77,0
DA:78,0
DA:79,0
DA:82,0
DA:85,0
DA:87,0
DA:90,0
DA:94,0
DA:95,0
DA:96,0
DA:98,0
DA:100,0
DA:102,0
DA:103,0
DA:104,0
DA:105,0
DA:107,0
DA:110,0
DA:114,0
DA:115,0
DA:118,0
DA:121,0
DA:122,0
DA:125,0
DA:128,0
DA:129,0
DA:131,0
DA:132,0
DA:133,0
DA:136,0
DA:146,0
DA:147,0
DA:155,0
DA:172,0
DA:175,0
DA:178,0
DA:182,0
DA:183,0
DA:185,0
DA:186,0
DA:189,0
DA:193,0
DA:196,0
DA:197,0
DA:200,0
DA:203,0
DA:204,0
DA:206,0
DA:207,0
DA:208,0
DA:209,0
DA:210,0
DA:213,0
DA:214,0
DA:218,0
DA:224,0
DA:225,0
DA:228,0
DA:230,0
DA:233,0
DA:236,0
DA:237,0
DA:242,0
DA:243,0
DA:249,0
DA:250,0
DA:251,0
DA:252,0
DA:253,0
DA:254,0
DA:255,0
DA:256,0
DA:257,0
DA:259,0
DA:261,0
DA:262,0
DA:264,0
DA:266,0
DA:275,0
DA:278,0
DA:283,0
DA:285,0
DA:290,0
DA:293,0
DA:294,0
DA:295,0
DA:297,0
DA:298,0
DA:300,0
DA:303,0
DA:305,0
DA:309,0
DA:310,0
DA:313,0
DA:318,0
DA:321,0
DA:322,0
DA:324,0
DA:327,0
DA:335,0
DA:337,0
DA:343,0
DA:345,0
DA:348,0
DA:352,0
DA:360,0
DA:363,0
DA:364,0
DA:365,0
DA:366,0
DA:367,0
DA:370,0
DA:376,0
DA:377,0
DA:378,0
DA:379,0
DA:380,0
DA:381,0
DA:382,0
DA:386,0
DA:387,0
DA:390,0
DA:391,0
DA:392,0
DA:394,0
DA:395,0
DA:396,0
DA:415,0
DA:416,0
DA:426,0
DA:427,0
DA:428,0
DA:432,0
DA:433,0
DA:437,0
DA:438,0
DA:442,0
DA:445,0
DA:446,0
DA:449,0
DA:451,0
DA:452,0
DA:455,0
DA:460,0
DA:461,0
DA:462,0
DA:465,0
DA:466,0
DA:467,0
DA:471,0
DA:473,0
DA:475,0
DA:483,0
DA:484,0
DA:488,0
DA:490,0
DA:492,0
DA:494,0
DA:496,0
DA:497,0
DA:499,0
DA:506,0
DA:507,0
DA:508,0
DA:510,0
DA:515,0
DA:520,0
DA:525,0
DA:530,0
DA:531,0
DA:534,0
DA:542,0
DA:545,0
DA:546,0
DA:547,0
DA:550,0
DA:552,0
DA:553,0
DA:556,0
DA:557,0
DA:560,0
DA:562,0
DA:563,0
DA:572,0
DA:575,0
DA:577,0
DA:579,0
DA:581,0
DA:582,0
DA:585,0
DA:593,0
DA:601,0
DA:607,0
DA:608,0
DA:613,0
DA:615,0
DA:623,0
DA:630,0
DA:635,0
DA:641,0
DA:642,0
DA:643,0
DA:644,0
DA:645,0
DA:647,0
DA:648,0
DA:653,0
DA:654,0
DA:655,0
DA:656,0
DA:657,0
DA:659,0
DA:660,0
DA:665,0
DA:666,0
DA:667,0
DA:671,0
DA:673,0
DA:675,0
DA:676,0
DA:678,0
DA:680,0
DA:681,0
DA:689,0
DA:690,0
DA:691,0
DA:693,0
DA:694,0
DA:696,0
DA:697,0
DA:702,0
DA:705,0
DA:706,0
DA:708,0
DA:710,0
DA:720,0
DA:723,0
DA:730,0
DA:733,0
DA:741,0
DA:742,0
DA:744,0
DA:745,0
DA:749,0
DA:750,0
DA:751,0
DA:752,0
DA:754,0
DA:762,0
DA:765,0
DA:766,0
DA:767,0
DA:774,0
DA:775,0
DA:776,0
DA:777,0
DA:786,0
DA:792,0
DA:793,0
DA:799,0
DA:801,0
DA:804,0
DA:805,0
DA:809,0
DA:810,0
DA:811,0
DA:812,0
DA:821,0
DA:831,0
DA:833,0
DA:834,0
DA:840,0
DA:842,0
DA:843,0
DA:848,0
DA:850,0
DA:852,0
DA:858,0
DA:863,0
DA:864,0
DA:865,0
DA:867,0
DA:869,0
DA:874,0
DA:875,0
DA:876,0
DA:877,0
DA:880,0
DA:881,0
DA:882,0
DA:885,0
DA:887,0
DA:890,0
DA:892,0
DA:894,0
DA:899,0
DA:900,0
DA:901,0
DA:902,0
DA:905,0
DA:906,0
DA:907,0
DA:910,0
DA:911,0
DA:912,0
DA:923,0
DA:925,0
DA:926,0
DA:931,0
DA:936,0
DA:937,0
DA:938,0
DA:941,0
DA:942,0
DA:943,0
DA:945,0
DA:950,0
DA:956,0
DA:957,0
DA:959,0
DA:962,0
DA:965,0
DA:968,0
DA:971,0
DA:976,0
DA:977,0
DA:980,0
DA:981,0
DA:984,0
DA:987,0
DA:990,0
DA:993,0
DA:996,0
DA:997,0
DA:1000,0
DA:1013,0
DA:1017,0
DA:1024,0
DA:1025,0
DA:1034,0
DA:1038,0
DA:1039,0
DA:1040,0
DA:1043,0
DA:1046,0
DA:1053,0
DA:1054,0
DA:1055,0
DA:1056,0
DA:1060,0
DA:1061,0
DA:1062,0
DA:1064,0
DA:1067,0
DA:1077,0
DA:1078,0
DA:1081,0
DA:1085,0
DA:1086,0
DA:1087,0
DA:1090,0
DA:1091,0
DA:1092,0
DA:1093,0
DA:1095,0
DA:1096,0
DA:1097,0
DA:1100,0
DA:1101,0
DA:1103,0
DA:1108,0
DA:1109,0
DA:1110,0
DA:1113,0
DA:1114,0
DA:1116,0
DA:1117,0
DA:1118,0
DA:1119,0
DA:1120,0
DA:1123,0
DA:1124,0
DA:1127,0
DA:1129,0
DA:1130,0
DA:1131,0
DA:1135,0
DA:1136,0
DA:1138,0
DA:1142,0
DA:1143,0
DA:1144,0
DA:1148,0
DA:1154,0
DA:1160,0
DA:1161,0
DA:1162,0
DA:1166,0
DA:1180,0
DA:1182,0
DA:1183,0
DA:1188,0
DA:1192,0
DA:1194,0
DA:1199,0
DA:1207,0
DA:1211,0
DA:1215,0
DA:1216,0
DA:1225,0
DA:1230,0
DA:1231,0
DA:1232,0
DA:1235,0
DA:1237,0
DA:1242,0
DA:1247,0
DA:1253,0
DA:1254,0
DA:1256,0
DA:1257,0
DA:1258,0
DA:1262,0
DA:1267,0
DA:1274,0
DA:1275,0
DA:1284,0
DA:1289,0
DA:1290,0
DA:1291,0
DA:1294,0
DA:1296,0
DA:1301,0
DA:1306,0
DA:1312,0
DA:1313,0
DA:1315,0
DA:1316,0
DA:1317,0
DA:1321,0
DA:1326,0
DA:1333,0
DA:1334,0
DA:1343,0
DA:1348,0
DA:1349,0
DA:1350,0
DA:1353,0
DA:1358,0
DA:1365,0
DA:1366,0
DA:1367,0
DA:1371,0
DA:1372,0
DA:1376,0
DA:1380,0
DA:1381,0
DA:1390,0
DA:1395,0
DA:1396,0
DA:1397,0
DA:1400,0
DA:1405,0
DA:1412,0
DA:1413,0
DA:1414,0
DA:1417,0
DA:1418,0
DA:1422,0
DA:1426,0
DA:1427,0
DA:1435,0
DA:1441,0
DA:1442,0
DA:1443,0
DA:1446,0
DA:1447,0
DA:1448,0
DA:1451,0
DA:1453,0
DA:1455,0
DA:1460,0
DA:1461,0
DA:1466,0
DA:1471,0
DA:1472,0
DA:1473,0
DA:1476,0
DA:1477,0
DA:1478,0
DA:1481,0
DA:1485,0
DA:1486,0
DA:1488,0
DA:1492,0
DA:1499,0
DA:1500,0
DA:1508,0
DA:1509,0
DA:1510,0
DA:1511,0
DA:1514,0
DA:1515,0
DA:1516,0
DA:1519,0
DA:1540,0
DA:1563,0
DA:1569,0
DA:1575,0
DA:1581,0
DA:1587,0
DA:1593,0
DA:1599,0
DA:1605,0
DA:1611,0
DA:1617,0
DA:1623,0
DA:1629,0
DA:1635,0
DA:1641,0
DA:1647,0
DA:1653,0
DA:1659,0
DA:1665,0
DA:1671,0
DA:1677,0
DA:1681,0
DA:1701,0
DA:1724,0
DA:1725,0
DA:1730,0
DA:1736,0
DA:1738,0
DA:1761,0
DA:1778,0
DA:1786,0
DA:1797,0
DA:1806,0
DA:1817,0
DA:1818,0
DA:1820,0
DA:1821,0
DA:1825,0
DA:1837,0
DA:1838,0
DA:1839,0
DA:1846,0
DA:1847,0
DA:1859,0
DA:1863,0
DA:1865,0
DA:1866,0
DA:1874,0
DA:1875,0
DA:1879,0
DA:1886,0
DA:1889,0
DA:1894,0
DA:1899,0
DA:1907,0
DA:1911,0
DA:1913,0
DA:1921,0
DA:1927,0
DA:1928,0
DA:1933,0
DA:1934,0
DA:1936,0
DA:1937,0
DA:1941,0
DA:1948,0
DA:1949,0
DA:1950,0
DA:1957,0
DA:1958,0
DA:1966,0
DA:1970,0
DA:1972,0
DA:1973,0
DA:1981,0
DA:1982,0
DA:1986,0
DA:1993,0
DA:1996,0
DA:2001,0
DA:2006,0
DA:2014,0
DA:2018,0
DA:2020,0
DA:2028,0
DA:2033,0
DA:2034,0
DA:2035,0
DA:2037,0
DA:2038,0
DA:2042,0
DA:2043,0
DA:2046,0
DA:2054,0
DA:2055,0
DA:2056,0
DA:2062,0
DA:2063,0
DA:2066,0
DA:2071,0
DA:2077,0
DA:2079,0
DA:2081,0
DA:2086,0
DA:2092,0
DA:2093,0
DA:2097,0
DA:2098,0
DA:2100,0
DA:2101,0
DA:2105,0
DA:2112,0
DA:2113,0
DA:2114,0
DA:2121,0
DA:2122,0
DA:2130,0
DA:2134,0
DA:2136,0
DA:2137,0
DA:2145,0
DA:2146,0
DA:2150,0
DA:2157,0
DA:2160,0
DA:2165,0
DA:2170,0
DA:2178,0
DA:2182,0
DA:2184,0
DA:2192,0
DA:2197,0
DA:2198,0
DA:2199,0
DA:2201,0
DA:2202,0
DA:2206,0
DA:2207,0
DA:2210,0
DA:2218,0
DA:2219,0
DA:2220,0
DA:2226,0
DA:2227,0
DA:2230,0
DA:2235,0
DA:2241,0
DA:2243,0
DA:2245,0
DA:2251,0
DA:2252,0
DA:2253,0
DA:2254,0
DA:2255,0
DA:2258,0
DA:2261,0
DA:2262,0
DA:2271,0
DA:2273,0
DA:2277,0
DA:2278,0
DA:2279,0
DA:2286,0
DA:2287,0
DA:2289,0
DA:2290,0
DA:2294,0
DA:2296,0
DA:2297,0
DA:2305,0
DA:2309,0
DA:2311,0
DA:2318,0
DA:2322,0
DA:2323,0
DA:2327,0
DA:2328,0
DA:2330,0
DA:2331,0
DA:2334,0
DA:2337,0
DA:2338,0
DA:2347,0
DA:2349,0
DA:2350,0
DA:2353,0
DA:2357,0
DA:2359,0
DA:2367,0
DA:2371,0
DA:2372,0
DA:2373,0
DA:2375,0
DA:2376,0
DA:2379,0
DA:2382,0
DA:2383,0
DA:2392,0
DA:2394,0
DA:2395,0
DA:2398,0
DA:2400,0
DA:2405,0
DA:2409,0
DA:2410,0
DA:2414,0
DA:2415,0
DA:2417,0
DA:2418,0
DA:2421,0
DA:2424,0
DA:2425,0
DA:2434,0
DA:2436,0
DA:2437,0
DA:2440,0
DA:2444,0
DA:2446,0
DA:2453,0
DA:2457,0
DA:2458,0
DA:2459,0
DA:2461,0
DA:2462,0
DA:2465,0
DA:2468,0
DA:2469,0
DA:2478,0
DA:2480,0
DA:2481,0
DA:2484,0
DA:2486,0
DA:2492,0
DA:2493,0
DA:2494,0
DA:2500,0
DA:2501,0
DA:2503,0
DA:2504,0
DA:2507,0
DA:2510,0
DA:2511,0
DA:2520,0
DA:2527,0
DA:2529,0
DA:2539,0
DA:2540,0
DA:2541,0
DA:2547,0
DA:2548,0
DA:2550,0
DA:2551,0
DA:2554,0
DA:2561,0
DA:2563,0
DA:2569,0
DA:2573,0
DA:2574,0
DA:2575,0
DA:2577,0
DA:2578,0
DA:2581,0
DA:2582,0
DA:2584,0
DA:2589,0
DA:2590,0
DA:2591,0
DA:2592,0
DA:2594,0
DA:2598,0
DA:2602,0
DA:2603,0
DA:2610,0
DA:2611,0
DA:2613,0
DA:2614,0
DA:2617,0
DA:2618,0
DA:2620,0
DA:2630,0
DA:2631,0
DA:2632,0
DA:2639,0
DA:2640,0
DA:2642,0
DA:2644,0
DA:2649,0
DA:2653,0
DA:2654,0
DA:2661,0
DA:2662,0
DA:2664,0
DA:2665,0
DA:2668,0
DA:2673,0
DA:2675,0
DA:2685,0
DA:2689,0
DA:2690,0
DA:2691,0
DA:2693,0
DA:2694,0
DA:2697,0
DA:2699,0
DA:2700,0
DA:2703,0
DA:2705,0
DA:2713,0
DA:2717,0
DA:2718,0
DA:2723,0
DA:2724,0
DA:2726,0
DA:2727,0
DA:2730,0
DA:2735,0
DA:2737,0
DA:2747,0
DA:2751,0
DA:2752,0
DA:2766,0
DA:2767,0
DA:2769,0
DA:2770,0
DA:2773,0
DA:2782,0
DA:2784,0
DA:2792,0
DA:2796,0
DA:2797,0
DA:2802,0
DA:2803,0
DA:2805,0
DA:2806,0
DA:2809,0
DA:2815,0
DA:2817,0
DA:2825,0
DA:2829,0
DA:2830,0
DA:2835,0
DA:2836,0
DA:2838,0
DA:2839,0
DA:2842,0
DA:2848,0
DA:2850,0
DA:2860,0
DA:2864,0
DA:2865,0
DA:2866,0
DA:2868,0
DA:2869,0
DA:2873,0
DA:2875,0
DA:2877,0
DA:2886,0
DA:2887,0
DA:2888,0
DA:2891,0
DA:2892,0
DA:2894,0
DA:2899,0
DA:2900,0
DA:2901,0
DA:2904,0
DA:2905,0
DA:2907,0
DA:2914,0
DA:2915,0
DA:2916,0
DA:2918,0
DA:2919,0
DA:2927,0
DA:2928,0
DA:2929,0
DA:2930,0
DA:2932,0
DA:2937,0
DA:2938,0
DA:2942,0
DA:2943,0
DA:2945,0
DA:2951,0
DA:2961,0
DA:2967,0
DA:2970,0
DA:2990,0
DA:2995,0
DA:2996,0
DA:2997,0
DA:3000,0
DA:3001,0
DA:3003,0
DA:3008,0
DA:3009,0
DA:3017,0
DA:3022,0
DA:3023,0
DA:3029,0
DA:3031,0
DA:3034,0
DA:3036,0
DA:3041,0
DA:3052,0
DA:3056,0
DA:3057,0
DA:3064,0
DA:3066,0
DA:3069,0
DA:3071,0
DA:3076,0
DA:3089,0
DA:3095,0
DA:3096,0
DA:3102,0
DA:3103,0
DA:3104,0
DA:3105,0
DA:3109,0
DA:3115,0
DA:3121,0
DA:3122,0
DA:3131,0
DA:3132,0
DA:3133,0
DA:3137,0
DA:3139,0
DA:3140,0
DA:3143,0
DA:3145,0
DA:3147,0
DA:3148,0
DA:3156,0
DA:3162,0
DA:3163,0
DA:3167,0
DA:3170,0
DA:3172,0
DA:3173,0
DA:3176,0
DA:3178,0
DA:3182,0
DA:3184,0
DA:3185,0
DA:3194,0
DA:3198,0
DA:3199,0
DA:3200,0
DA:3206,0
DA:3207,0
DA:3218,0
DA:3222,0
DA:3223,0
DA:3224,0
DA:3226,0
DA:3227,0
DA:3238,0
DA:3242,0
DA:3243,0
DA:3244,0
DA:3246,0
DA:3247,0
DA:3257,0
DA:3261,0
DA:3262,0
DA:3263,0
DA:3265,0
DA:3266,0
DA:3276,0
DA:3280,0
DA:3282,0
DA:3283,0
DA:3290,0
DA:3291,0
DA:3302,0
DA:3306,0
DA:3307,0
DA:3312,0
DA:3313,0
DA:3318,0
DA:3324,0
DA:3327,0
DA:3328,0
DA:3334,0
DA:3339,0
DA:3340,0
DA:3350,0
DA:3354,0
DA:3355,0
DA:3358,0
DA:3359,0
DA:3361,0
DA:3363,0
DA:3364,0
DA:3369,0
DA:3373,0
DA:3374,0
DA:3378,0
DA:3382,0
DA:3386,0
DA:3388,0
DA:3389,0
DA:3394,0
DA:3400,0
DA:3404,0
DA:3416,0
DA:3417,0
DA:3425,0
DA:3426,0
DA:3427,0
DA:3429,0
DA:3430,0
DA:3431,0
DA:3434,0
DA:3437,0
DA:3438,0
DA:3441,0
DA:3446,0
DA:3447,0
DA:3452,0
DA:3453,0
DA:3454,0
DA:3455,0
DA:3456,0
DA:3458,0
DA:3459,0
DA:3464,0
DA:3468,0
DA:3472,0
DA:3476,0
DA:3480,0
DA:3484,0
DA:3488,0
DA:3492,0
DA:3498,0
DA:3502,0
DA:3506,0
DA:3512,0
DA:3516,0
DA:3520,0
DA:3525,0
DA:3529,0
DA:3533,0
DA:3537,0
DA:3541,0
DA:3547,0
DA:3551,0
DA:3555,0
DA:3559,0
DA:3563,0
DA:3568,0
DA:3572,0
DA:3576,0
DA:3580,0
DA:3584,0
DA:3590,0
DA:3594,0
DA:3598,0
DA:3602,0
DA:3606,0
DA:3611,0
DA:3617,0
DA:3621,0
DA:3626,0
DA:3629,0
DA:3632,0
DA:3637,0
DA:3641,0
DA:3645,0
DA:3649,0
DA:3653,0
DA:3657,0
DA:3661,0
DA:3665,0
DA:3669,0
DA:3673,0
DA:3679,0
DA:3683,0
DA:3687,0
DA:3691,0
DA:3695,0
DA:3699,0
DA:3703,0
DA:3709,0
DA:3713,0
DA:3719,0
DA:3723,0
DA:3727,0
DA:3731,0
DA:3735,0
DA:3741,0
DA:3745,0
DA:3749,0
DA:3755,0
DA:3759,0
DA:3763,0
DA:3767,0
DA:3771,0
DA:3775,0
DA:3779,0
DA:3783,0
DA:3787,0
DA:3791,0
DA:3795,0
DA:3799,0
DA:3805,0
DA:3808,0
DA:3809,0
DA:3815,0
DA:3816,0
DA:3817,0
DA:3818,0
DA:3819,0
DA:3822,0
DA:3823,0
DA:3824,0
DA:3825,0
DA:3827,0
DA:3830,0
DA:3831,0
DA:3832,0
DA:3834,0
DA:3835,0
DA:3854,0
DA:3864,0
DA:3875,0
DA:3876,0
DA:3877,0
DA:3881,0
DA:3889,0
DA:3890,0
DA:3891,0
DA:3900,0
DA:3905,0
DA:3906,0
DA:3907,0
DA:3909,0
DA:3910,0
DA:3917,0
DA:3919,0
DA:3920,0
DA:3926,0
DA:3928,0
DA:3929,0
DA:3937,0
DA:3938,0
DA:3939,0
DA:3941,0
DA:3942,0
DA:3949,0
DA:3952,0
DA:3953,0
DA:3956,0
DA:3957,0
DA:3958,0
DA:3962,0
DA:3963,0
DA:3969,0
DA:3974,0
DA:3980,0
DA:3981,0
DA:3988,0
DA:3989,0
DA:3991,0
DA:3994,0
DA:4000,0
DA:4002,0
DA:4005,0
DA:4012,0
DA:4014,0
DA:4015,0
DA:4024,0
DA:4025,0
DA:4026,0
DA:4028,0
DA:4029,0
DA:4037,0
DA:4038,0
DA:4039,0
DA:4040,0
DA:4047,0
DA:4050,0
DA:4052,0
DA:4053,0
DA:4060,0
DA:4061,0
DA:4063,0
DA:4064,0
DA:4065,0
DA:4071,0
DA:4076,0
DA:4077,0
DA:4084,0
DA:4085,0
DA:4087,0
DA:4090,0
DA:4096,0
DA:4098,0
DA:4101,0
DA:4107,0
DA:4109,0
DA:4110,0
DA:4116,0
DA:4117,0
DA:4125,0
DA:4126,0
DA:4127,0
DA:4129,0
DA:4130,0
DA:4138,0
DA:4139,0
DA:4140,0
DA:4141,0
DA:4148,0
DA:4151,0
DA:4153,0
DA:4154,0
DA:4161,0
DA:4162,0
DA:4164,0
DA:4165,0
DA:4166,0
DA:4172,0
DA:4174,0
DA:4175,0
DA:4181,0
DA:4183,0
DA:4184,0
DA:4190,0
DA:4191,0
DA:4199,0
DA:4200,0
DA:4201,0
DA:4202,0
DA:4204,0
DA:4205,0
DA:4212,0
DA:4213,0
DA:4214,0
DA:4220,0
DA:4221,0
DA:4222,0
DA:4229,0
DA:4231,0
DA:4232,0
DA:4239,0
DA:4241,0
DA:4242,0
DA:4245,0
DA:4253,0
DA:4254,0
DA:4255,0
DA:4262,0
DA:4268,0
DA:4269,0
DA:4277,0
DA:4278,0
DA:4279,0
DA:4282,0
DA:4283,0
DA:4285,0
DA:4286,0
DA:4294,0
DA:4295,0
DA:4296,0
DA:4299,0
DA:4302,0
DA:4303,0
DA:4315,0
DA:4344,0
DA:4345,0
DA:4347,0
DA:4350,0
DA:4352,0
DA:4358,0
DA:4359,0
DA:4363,0
DA:4364,0
DA:4365,0
DA:4366,0
DA:4368,0
DA:4373,0
DA:4374,0
DA:4379,0
DA:4380,0
DA:4381,0
DA:4382,0
DA:4384,0
DA:4385,0
DA:4390,0
DA:4391,0
DA:4392,0
DA:4396,0
DA:4397,0
DA:4401,0
DA:4402,0
DA:4408,0
DA:4648,0
DA:4651,0
DA:4655,0
DA:4656,0
DA:4657,0
DA:4658,0
DA:4659,0
DA:4660,0
DA:4671,0
DA:4672,0
DA:4673,0
DA:4678,0
DA:4688,0
DA:4689,0
DA:4697,0
DA:4715,0
DA:4719,0
DA:4720,0
DA:4721,0
DA:4722,0
DA:4724,0
DA:4725,0
DA:4729,0
DA:4730,0
DA:4731,0
DA:4734,0
DA:4736,0
DA:4737,0
DA:4741,0
DA:4743,0
DA:4744,0
DA:4745,0
DA:4746,0
DA:4747,0
DA:4749,0
DA:4752,0
DA:4757,0
DA:4758,0
DA:4759,0
DA:4760,0
DA:4764,0
DA:4769,0
DA:4772,0
DA:4773,0
DA:4774,0
DA:4776,0
DA:4781,0
DA:4782,0
DA:4783,0
DA:4784,0
DA:4785,0
DA:4786,0
DA:4787,0
DA:4788,0
DA:4790,0
DA:4814,0
DA:4816,0
DA:4819,0
DA:4824,0
DA:4825,0
DA:4826,0
DA:4827,0
DA:4828,0
DA:4829,0
DA:4833,0
DA:4834,0
DA:4835,0
DA:4836,0
DA:4839,0
DA:4840,0
DA:4841,0
DA:4845,0
DA:4846,0
DA:4847,0
DA:4848,0
DA:4849,0
DA:4852,0
DA:4855,0
DA:4856,0
DA:4858,0
DA:4860,0
DA:4864,0
DA:4865,0
DA:4866,0
DA:4870,0
DA:4871,0
DA:4873,0
DA:4874,0
DA:4877,0
DA:4880,0
DA:4893,0
DA:4895,0
DA:4900,0
DA:4907,0
DA:4908,0
DA:4909,0
DA:4912,0
DA:4915,0
DA:4918,0
DA:4920,0
DA:4940,0
DA:4948,0
DA:4952,0
DA:4953,0
DA:4954,0
DA:4957,0
DA:4958,0
DA:4961,0
DA:4963,0
DA:4971,0
DA:4980,0
DA:4985,0
DA:4992,0
DA:4993,0
DA:4997,0
DA:5000,0
DA:5001,0
DA:5002,0
DA:5003,0
DA:5005,0
DA:5006,0
DA:5007,0
DA:5010,0
DA:5015,0
DA:5016,0
DA:5022,0
DA:5027,0
DA:5028,0
DA:5032,0
DA:5033,0
DA:5034,0
DA:5035,0
DA:5042,0
DA:5046,0
DA:5049,0
DA:5050,0
DA:5051,0
DA:5052,0
DA:5053,0
DA:5054,0
DA:5055,0
DA:5056,0
DA:5058,0
DA:5079,0
DA:5081,0
DA:5086,0
DA:5087,0
DA:5090,0
DA:5091,0
DA:5097,0
DA:5098,0
DA:5099,0
DA:5101,0
DA:5104,0
DA:5105,0
DA:5106,0
DA:5109,0
DA:5110,0
DA:5118,0
DA:5125,0
DA:5126,0
DA:5144,0
DA:5145,0
DA:5146,0
DA:5152,0
DA:5153,0
DA:5156,0
DA:5159,0
DA:5160,0
DA:5164,0
DA:5167,0
DA:5168,0
DA:5170,0
DA:5173,0
DA:5174,0
DA:5175,0
DA:5177,0
DA:5178,0
DA:5179,0
DA:5180,0
DA:5181,0
DA:5197,0
DA:5202,0
DA:5207,0
DA:5210,0
DA:5212,0
DA:5213,0
DA:5214,0
DA:5217,0
DA:5218,0
DA:5219,0
DA:5223,0
LF:1504
LH:0
BRDA:61,0,0,0
BRDA:61,0,1,0
BRDA:61,1,0,0
BRDA:61,1,1,0
BRDA:62,2,0,0
BRDA:62,2,1,0
BRDA:70,3,0,0
BRDA:70,3,1,0
BRDA:78,4,0,0
BRDA:78,4,1,0
BRDA:79,5,0,0
BRDA:79,5,1,0
BRDA:95,6,0,0
BRDA:95,6,1,0
BRDA:95,7,0,0
BRDA:95,7,1,0
BRDA:104,8,0,0
BRDA:104,8,1,0
BRDA:131,9,0,0
BRDA:131,9,1,0
BRDA:146,10,0,0
BRDA:146,10,1,0
BRDA:156,11,0,0
BRDA:156,11,1,0
BRDA:157,12,0,0
BRDA:157,12,1,0
BRDA:158,13,0,0
BRDA:158,13,1,0
BRDA:161,14,0,0
BRDA:161,14,1,0
BRDA:165,15,0,0
BRDA:165,15,1,0
BRDA:169,16,0,0
BRDA:169,16,1,0
BRDA:185,17,0,0
BRDA:185,17,1,0
BRDA:186,18,0,0
BRDA:186,18,1,0
BRDA:196,19,0,0
BRDA:196,19,1,0
BRDA:196,20,0,0
BRDA:196,20,1,0
BRDA:206,21,0,0
BRDA:206,21,1,0
BRDA:213,22,0,0
BRDA:213,22,1,0
BRDA:224,23,0,0
BRDA:224,23,1,0
BRDA:236,24,0,0
BRDA:236,24,1,0
BRDA:252,25,0,0
BRDA:252,25,1,0
BRDA:254,26,0,0
BRDA:254,26,1,0
BRDA:256,27,0,0
BRDA:256,27,1,0
BRDA:262,28,0,0
BRDA:262,28,1,0
BRDA:262,29,0,0
BRDA:262,29,1,0
BRDA:275,30,0,0
BRDA:275,30,1,0
BRDA:278,31,0,0
BRDA:278,31,1,0
BRDA:280,32,0,0
BRDA:280,32,1,0
BRDA:303,33,0,0
BRDA:303,33,1,0
BRDA:309,34,0,0
BRDA:309,34,1,0
BRDA:318,35,0,0
BRDA:318,35,1,0
BRDA:322,36,0,0
BRDA:322,36,1,0
BRDA:335,37,0,0
BRDA:335,37,1,0
BRDA:343,38,0,0
BRDA:343,38,1,0
BRDA:366,39,0,0
BRDA:366,39,1,0
BRDA:391,40,0,0
BRDA:391,40,1,0
BRDA:415,41,0,0
BRDA:415,41,1,0
BRDA:451,42,0,0
BRDA:451,42,1,0
BRDA:451,43,0,0
BRDA:451,43,1,0
BRDA:460,44,0,0
BRDA:460,44,1,0
BRDA:465,45,0,0
BRDA:465,45,1,0
BRDA:483,46,0,0
BRDA:483,46,1,0
BRDA:483,47,0,0
BRDA:483,47,1,0
BRDA:492,48,0,0
BRDA:492,48,1,0
BRDA:496,49,0,0
BRDA:496,49,1,0
BRDA:496,50,0,0
BRDA:496,50,1,0
BRDA:506,51,0,0
BRDA:506,51,1,0
BRDA:530,52,0,0
BRDA:530,52,1,0
BRDA:542,53,0,0
BRDA:542,53,1,0
BRDA:550,54,0,0
BRDA:550,54,1,0
BRDA:550,55,0,0
BRDA:550,55,1,0
BRDA:562,56,0,0
BRDA:562,56,1,0
BRDA:579,57,0,0
BRDA:579,57,1,0
BRDA:608,58,0,0
BRDA:608,58,1,0
BRDA:609,59,0,0
BRDA:609,59,1,0
BRDA:632,60,0,0
BRDA:632,60,1,0
BRDA:683,61,0,0
BRDA:683,61,1,0
BRDA:696,62,0,0
BRDA:696,62,1,0
BRDA:696,63,0,0
BRDA:696,63,1,0
BRDA:698,64,0,0
BRDA:698,64,1,0
BRDA:706,65,0,0
BRDA:706,65,1,0
BRDA:712,66,0,0
BRDA:712,66,1,0
BRDA:741,67,0,0
BRDA:741,67,1,0
BRDA:766,68,0,0
BRDA:766,68,1,0
BRDA:776,69,0,0
BRDA:776,69,1,0
BRDA:792,70,0,0
BRDA:792,70,1,0
BRDA:792,71,0,0
BRDA:792,71,1,0
BRDA:810,72,0,0
BRDA:810,72,1,0
BRDA:825,73,0,0
BRDA:825,73,1,0
BRDA:853,74,0,0
BRDA:853,74,1,0
BRDA:864,75,0,0
BRDA:864,75,1,0
BRDA:876,76,0,0
BRDA:876,76,1,0
BRDA:881,77,0,0
BRDA:881,77,1,0
BRDA:901,78,0,0
BRDA:901,78,1,0
BRDA:906,79,0,0
BRDA:906,79,1,0
BRDA:911,80,0,0
BRDA:911,80,1,0
BRDA:937,81,0,0
BRDA:937,81,1,0
BRDA:942,82,0,0
BRDA:942,82,1,0
BRDA:952,83,0,0
BRDA:952,83,1,0
BRDA:1027,84,0,0
BRDA:1027,84,1,0
BRDA:1039,85,0,0
BRDA:1039,85,1,0
BRDA:1062,86,0,0
BRDA:1062,86,1,0
BRDA:1085,87,0,0
BRDA:1085,87,1,0
BRDA:1118,88,0,0
BRDA:1118,88,1,0
BRDA:1129,89,0,0
BRDA:1129,89,1,0
BRDA:1135,90,0,0
BRDA:1135,90,1,0
BRDA:1138,91,0,0
BRDA:1138,91,1,0
BRDA:1142,92,0,0
BRDA:1142,92,1,0
BRDA:1160,93,0,0
BRDA:1160,93,1,0
BRDA:1182,94,0,0
BRDA:1182,94,1,0
BRDA:1188,95,0,0
BRDA:1188,95,1,0
BRDA:1189,96,0,0
BRDA:1189,96,1,0
BRDA:1218,97,0,0
BRDA:1218,97,1,0
BRDA:1231,98,0,0
BRDA:1231,98,1,0
BRDA:1257,99,0,0
BRDA:1257,99,1,0
BRDA:1277,100,0,0
BRDA:1277,100,1,0
BRDA:1290,101,0,0
BRDA:1290,101,1,0
BRDA:1316,102,0,0
BRDA:1316,102,1,0
BRDA:1336,103,0,0
BRDA:1336,103,1,0
BRDA:1349,104,0,0
BRDA:1349,104,1,0
BRDA:1383,105,0,0
BRDA:1383,105,1,0
BRDA:1396,106,0,0
BRDA:1396,106,1,0
BRDA:1429,107,0,0
BRDA:1429,107,1,0
BRDA:1442,108,0,0
BRDA:1442,108,1,0
BRDA:1447,109,0,0
BRDA:1447,109,1,0
BRDA:1472,110,0,0
BRDA:1472,110,1,0
BRDA:1477,111,0,0
BRDA:1477,111,1,0
BRDA:1494,112,0,0
BRDA:1494,112,1,0
BRDA:1502,113,0,0
BRDA:1502,113,1,0
BRDA:1510,114,0,0
BRDA:1510,114,1,0
BRDA:1515,115,0,0
BRDA:1515,115,1,0
BRDA:1569,116,0,0
BRDA:1569,116,1,0
BRDA:1575,117,0,0
BRDA:1575,117,1,0
BRDA:1581,118,0,0
BRDA:1581,118,1,0
BRDA:1587,119,0,0
BRDA:1587,119,1,0
BRDA:1593,120,0,0
BRDA:1593,120,1,0
BRDA:1599,121,0,0
BRDA:1599,121,1,0
BRDA:1605,122,0,0
BRDA:1605,122,1,0
BRDA:1611,123,0,0
BRDA:1611,123,1,0
BRDA:1617,124,0,0
BRDA:1617,124,1,0
BRDA:1623,125,0,0
BRDA:1623,125,1,0
BRDA:1629,126,0,0
BRDA:1629,126,1,0
BRDA:1635,127,0,0
BRDA:1635,127,1,0
BRDA:1641,128,0,0
BRDA:1641,128,1,0
BRDA:1647,129,0,0
BRDA:1647,129,1,0
BRDA:1653,130,0,0
BRDA:1653,130,1,0
BRDA:1659,131,0,0
BRDA:1659,131,1,0
BRDA:1665,132,0,0
BRDA:1665,132,1,0
BRDA:1671,133,0,0
BRDA:1671,133,1,0
BRDA:1677,134,0,0
BRDA:1677,134,1,0
BRDA:1820,135,0,0
BRDA:1820,135,1,0
BRDA:1837,136,0,0
BRDA:1837,136,1,0
BRDA:1837,137,0,0
BRDA:1837,137,1,0
BRDA:1840,138,0,0
BRDA:1840,138,1,0
BRDA:1874,139,0,0
BRDA:1874,139,1,0
BRDA:1915,140,0,0
BRDA:1915,140,1,0
BRDA:1936,141,0,0
BRDA:1936,141,1,0
BRDA:1948,142,0,0
BRDA:1948,142,1,0
BRDA:1948,143,0,0
BRDA:1948,143,1,0
BRDA:1951,144,0,0
BRDA:1951,144,1,0
BRDA:1981,145,0,0
BRDA:1981,145,1,0
BRDA:2022,146,0,0
BRDA:2022,146,1,0
BRDA:2037,147,0,0
BRDA:2037,147,1,0
BRDA:2054,148,0,0
BRDA:2054,148,1,0
BRDA:2057,149,0,0
BRDA:2057,149,1,0
BRDA:2100,150,0,0
BRDA:2100,150,1,0
BRDA:2112,151,0,0
BRDA:2112,151,1,0
BRDA:2112,152,0,0
BRDA:2112,152,1,0
BRDA:2115,153,0,0
BRDA:2115,153,1,0
BRDA:2145,154,0,0
BRDA:2145,154,1,0
BRDA:2186,155,0,0
BRDA:2186,155,1,0
BRDA:2201,156,0,0
BRDA:2201,156,1,0
BRDA:2218,157,0,0
BRDA:2218,157,1,0
BRDA:2221,158,0,0
BRDA:2221,158,1,0
BRDA:2254,159,0,0
BRDA:2254,159,1,0
BRDA:2261,160,0,0
BRDA:2261,160,1,0
BRDA:2289,161,0,0
BRDA:2289,161,1,0
BRDA:2296,162,0,0
BRDA:2296,162,1,0
BRDA:2299,163,0,0
BRDA:2299,163,1,0
BRDA:2300,164,0,0
BRDA:2300,164,1,0
BRDA:2301,165,0,0
BRDA:2301,165,1,0
BRDA:2302,166,0,0
BRDA:2302,166,1,0
BRDA:2306,167,0,0
BRDA:2306,167,1,0
BRDA:2313,168,0,0
BRDA:2313,168,1,0
BRDA:2330,169,0,0
BRDA:2330,169,1,0
BRDA:2337,170,0,0
BRDA:2337,170,1,0
BRDA:2347,171,0,0
BRDA:2347,171,1,0
BRDA:2349,172,0,0
BRDA:2349,172,1,0
BRDA:2361,173,0,0
BRDA:2361,173,1,0
BRDA:2375,174,0,0
BRDA:2375,174,1,0
BRDA:2382,175,0,0
BRDA:2382,175,1,0
BRDA:2392,176,0,0
BRDA:2392,176,1,0
BRDA:2417,177,0,0
BRDA:2417,177,1,0
BRDA:2424,178,0,0
BRDA:2424,178,1,0
BRDA:2434,179,0,0
BRDA:2434,179,1,0
BRDA:2436,180,0,0
BRDA:2436,180,1,0
BRDA:2447,181,0,0
BRDA:2447,181,1,0
BRDA:2461,182,0,0
BRDA:2461,182,1,0
BRDA:2468,183,0,0
BRDA:2468,183,1,0
BRDA:2478,184,0,0
BRDA:2478,184,1,0
BRDA:2503,185,0,0
BRDA:2503,185,1,0
BRDA:2510,186,0,0
BRDA:2510,186,1,0
BRDA:2522,187,0,0
BRDA:2522,187,1,0
BRDA:2531,188,0,0
BRDA:2531,188,1,0
BRDA:2550,189,0,0
BRDA:2550,189,1,0
BRDA:2564,190,0,0
BRDA:2564,190,1,0
BRDA:2577,191,0,0
BRDA:2577,191,1,0
BRDA:2613,192,0,0
BRDA:2613,192,1,0
BRDA:2622,193,0,0
BRDA:2622,193,1,0
BRDA:2664,194,0,0
BRDA:2664,194,1,0
BRDA:2677,195,0,0
BRDA:2677,195,1,0
BRDA:2693,196,0,0
BRDA:2693,196,1,0
BRDA:2699,197,0,0
BRDA:2699,197,1,0
BRDA:2707,198,0,0
BRDA:2707,198,1,0
BRDA:2726,199,0,0
BRDA:2726,199,1,0
BRDA:2739,200,0,0
BRDA:2739,200,1,0
BRDA:2769,201,0,0
BRDA:2769,201,1,0
BRDA:2786,202,0,0
BRDA:2786,202,1,0
BRDA:2805,203,0,0
BRDA:2805,203,1,0
BRDA:2819,204,0,0
BRDA:2819,204,1,0
BRDA:2838,205,0,0
BRDA:2838,205,1,0
BRDA:2852,206,0,0
BRDA:2852,206,1,0
BRDA:2868,207,0,0
BRDA:2868,207,1,0
BRDA:2879,208,0,0
BRDA:2879,208,1,0
BRDA:2918,209,0,0
BRDA:2918,209,1,0
BRDA:2927,210,0,0
BRDA:2927,210,1,0
BRDA:2928,211,0,0
BRDA:2928,211,1,0
BRDA:2929,212,0,0
BRDA:2929,212,1,0
BRDA:2930,213,0,0
BRDA:2930,213,1,0
BRDA:2942,214,0,0
BRDA:2942,214,1,0
BRDA:2954,215,0,0
BRDA:2954,215,1,0
BRDA:2967,216,0,0
BRDA:2967,216,1,0
BRDA:3043,217,0,0
BRDA:3043,217,1,0
BRDA:3078,218,0,0
BRDA:3078,218,1,0
BRDA:3104,219,0,0
BRDA:3104,219,1,0
BRDA:3124,220,0,0
BRDA:3124,220,1,0
BRDA:3139,221,0,0
BRDA:3139,221,1,0
BRDA:3150,222,0,0
BRDA:3150,222,1,0
BRDA:3172,223,0,0
BRDA:3172,223,1,0
BRDA:3187,224,0,0
BRDA:3187,224,1,0
BRDA:3209,225,0,0
BRDA:3209,225,1,0
BRDA:3229,226,0,0
BRDA:3229,226,1,0
BRDA:3249,227,0,0
BRDA:3249,227,1,0
BRDA:3268,228,0,0
BRDA:3268,228,1,0
BRDA:3293,229,0,0
BRDA:3293,229,1,0
BRDA:3312,230,0,0
BRDA:3312,230,1,0
BRDA:3342,231,0,0
BRDA:3342,231,1,0
BRDA:3388,232,0,0
BRDA:3388,232,1,0
BRDA:3406,233,0,0
BRDA:3406,233,1,0
BRDA:3429,234,0,0
BRDA:3429,234,1,0
BRDA:3429,235,0,0
BRDA:3429,235,1,0
BRDA:3830,236,0,0
BRDA:3830,236,1,0
BRDA:3832,237,0,0
BRDA:3832,237,1,0
BRDA:3832,237,2,0
BRDA:3834,238,0,0
BRDA:3834,238,1,0
BRDA:3839,239,0,0
BRDA:3839,239,1,0
BRDA:3840,240,0,0
BRDA:3840,240,1,0
BRDA:3841,241,0,0
BRDA:3841,241,1,0
BRDA:3844,242,0,0
BRDA:3844,242,1,0
BRDA:3867,243,0,0
BRDA:3867,243,1,0
BRDA:3909,244,0,0
BRDA:3909,244,1,0
BRDA:3919,245,0,0
BRDA:3919,245,1,0
BRDA:3941,246,0,0
BRDA:3941,246,1,0
BRDA:3941,247,0,0
BRDA:3941,247,1,0
BRDA:3952,248,0,0
BRDA:3952,248,1,0
BRDA:3957,249,0,0
BRDA:3957,249,1,0
BRDA:3962,250,0,0
BRDA:3962,250,1,0
BRDA:3980,251,0,0
BRDA:3980,251,1,0
BRDA:3980,252,0,0
BRDA:3980,252,1,0
BRDA:3983,253,0,0
BRDA:3983,253,1,0
BRDA:3988,254,0,0
BRDA:3988,254,1,0
BRDA:4018,255,0,0
BRDA:4018,255,1,0
BRDA:4028,256,0,0
BRDA:4028,256,1,0
BRDA:4039,257,0,0
BRDA:4039,257,1,0
BRDA:4052,258,0,0
BRDA:4052,258,1,0
BRDA:4052,259,0,0
BRDA:4052,259,1,0
BRDA:4063,260,0,0
BRDA:4063,260,1,0
BRDA:4076,261,0,0
BRDA:4076,261,1,0
BRDA:4076,262,0,0
BRDA:4076,262,1,0
BRDA:4079,263,0,0
BRDA:4079,263,1,0
BRDA:4084,264,0,0
BRDA:4084,264,1,0
BRDA:4129,265,0,0
BRDA:4129,265,1,0
BRDA:4140,266,0,0
BRDA:4140,266,1,0
BRDA:4153,267,0,0
BRDA:4153,267,1,0
BRDA:4153,268,0,0
BRDA:4153,268,1,0
BRDA:4164,269,0,0
BRDA:4164,269,1,0
BRDA:4174,270,0,0
BRDA:4174,270,1,0
BRDA:4174,271,0,0
BRDA:4174,271,1,0
BRDA:4177,272,0,0
BRDA:4177,272,1,0
BRDA:4204,273,0,0
BRDA:4204,273,1,0
BRDA:4204,274,0,0
BRDA:4204,274,1,0
BRDA:4212,275,0,0
BRDA:4212,275,1,0
BRDA:4220,276,0,0
BRDA:4220,276,1,0
BRDA:4231,277,0,0
BRDA:4231,277,1,0
BRDA:4241,278,0,0
BRDA:4241,278,1,0
BRDA:4253,279,0,0
BRDA:4253,279,1,0
BRDA:4268,280,0,0
BRDA:4268,280,1,0
BRDA:4277,281,0,0
BRDA:4277,281,1,0
BRDA:4303,282,0,0
BRDA:4303,282,1,0
BRDA:4307,283,0,0
BRDA:4307,283,1,0
BRDA:4336,284,0,0
BRDA:4336,284,1,0
BRDA:4655,285,0,0
BRDA:4655,285,1,0
BRDA:4657,286,0,0
BRDA:4657,286,1,0
BRDA:4673,287,0,0
BRDA:4673,287,1,0
BRDA:4689,288,0,0
BRDA:4689,288,1,0
BRDA:4689,288,2,0
BRDA:4701,289,0,0
BRDA:4701,289,1,0
BRDA:4706,290,0,0
BRDA:4706,290,1,0
BRDA:4711,291,0,0
BRDA:4711,291,1,0
BRDA:4758,292,0,0
BRDA:4758,292,1,0
BRDA:4773,293,0,0
BRDA:4773,293,1,0
BRDA:4782,294,0,0
BRDA:4782,294,1,0
BRDA:4807,295,0,0
BRDA:4807,295,1,0
BRDA:4848,296,0,0
BRDA:4848,296,1,0
BRDA:4856,297,0,0
BRDA:4856,297,1,0
BRDA:4873,298,0,0
BRDA:4873,298,1,0
BRDA:4893,299,0,0
BRDA:4893,299,1,0
BRDA:4901,300,0,0
BRDA:4901,300,1,0
BRDA:4922,301,0,0
BRDA:4922,301,1,0
BRDA:4930,302,0,0
BRDA:4930,302,1,0
BRDA:4933,303,0,0
BRDA:4933,303,1,0
BRDA:4934,304,0,0
BRDA:4934,304,1,0
BRDA:4995,305,0,0
BRDA:4995,305,1,0
BRDA:5001,306,0,0
BRDA:5001,306,1,0
BRDA:5001,307,0,0
BRDA:5001,307,1,0
BRDA:5024,308,0,0
BRDA:5024,308,1,0
BRDA:5033,309,0,0
BRDA:5033,309,1,0
BRDA:5050,310,0,0
BRDA:5050,310,1,0
BRDA:5137,311,0,0
BRDA:5137,311,1,0
BRDA:5145,312,0,0
BRDA:5145,312,1,0
BRDA:5178,313,0,0
BRDA:5178,313,1,0
BRDA:5180,314,0,0
BRDA:5180,314,1,0
BRDA:5180,315,0,0
BRDA:5180,315,1,0
BRF:634
BRH:0
end_of_record
TN:
SF:server\semaphore.ts
FN:11,(anonymous_0)
FN:21,(anonymous_1)
FN:28,(anonymous_2)
FN:36,(anonymous_3)
FN:63,(anonymous_4)
FN:75,(anonymous_5)
FN:82,(anonymous_6)
FN:89,(anonymous_7)
FN:96,(anonymous_8)
FN:103,(anonymous_9)
FN:110,(anonymous_10)
FN:130,acquireWithTimeout
FN:139,(anonymous_12)
FN:142,(anonymous_13)
FN:144,(anonymous_14)
FNF:15
FNH:15
FNDA:22,(anonymous_0)
FNDA:28,(anonymous_1)
FNDA:10,(anonymous_2)
FNDA:19,(anonymous_3)
FNDA:6,(anonymous_4)
FNDA:10,(anonymous_5)
FNDA:3,(anonymous_6)
FNDA:1,(anonymous_7)
FNDA:8,(anonymous_8)
FNDA:4,(anonymous_9)
FNDA:1,(anonymous_10)
FNDA:3,acquireWithTimeout
FNDA:3,(anonymous_12)
FNDA:3,(anonymous_13)
FNDA:1,(anonymous_14)
DA:8,22
DA:9,22
DA:12,22
DA:13,2
DA:15,20
DA:22,28
DA:23,18
DA:24,18
DA:28,10
DA:29,10
DA:37,19
DA:38,1
DA:41,18
DA:44,18
DA:45,10
DA:46,10
DA:47,10
DA:64,6
DA:65,6
DA:66,6
DA:68,6
DA:76,10
DA:83,3
DA:90,1
DA:97,8
DA:104,4
DA:117,1
DA:134,3
DA:135,3
DA:137,3
DA:138,3
DA:140,3
DA:143,3
DA:144,1
DA:149,2
DA:151,3
DA:152,3
LF:37
LH:37
BRDA:12,0,0,2
BRDA:12,0,1,20
BRDA:22,1,0,18
BRDA:22,1,1,10
BRDA:37,2,0,1
BRDA:37,2,1,18
BRDA:44,3,0,10
BRDA:44,3,1,8
BRDA:151,4,0,3
BRDA:151,4,1,0
BRF:10
BRH:9
end_of_record
TN:
SF:server\storage.ts
FN:719,(anonymous_0)
FN:723,(anonymous_1)
FN:734,(anonymous_2)
FN:740,(anonymous_3)
FN:745,(anonymous_4)
FN:753,(anonymous_5)
FN:786,(anonymous_6)
FN:799,(anonymous_7)
FN:818,(anonymous_8)
FN:823,(anonymous_9)
FN:836,(anonymous_10)
FN:843,(anonymous_11)
FN:878,(anonymous_12)
FN:886,(anonymous_13)
FN:896,(anonymous_14)
FN:899,(anonymous_15)
FN:907,(anonymous_16)
FN:917,(anonymous_17)
FN:920,(anonymous_18)
FN:928,(anonymous_19)
FN:938,(anonymous_20)
FN:941,(anonymous_21)
FN:949,(anonymous_22)
FN:959,(anonymous_23)
FN:962,(anonymous_24)
FN:970,(anonymous_25)
FN:982,(anonymous_26)
FN:985,(anonymous_27)
FN:995,(anonymous_28)
FN:1006,(anonymous_29)
FN:1025,(anonymous_30)
FN:1042,(anonymous_31)
FN:1075,(anonymous_32)
FN:1078,(anonymous_33)
FN:1088,(anonymous_34)
FN:1093,(anonymous_35)
FN:1108,(anonymous_36)
FN:1116,(anonymous_37)
FN:1135,(anonymous_38)
FN:1193,(anonymous_39)
FN:1194,(anonymous_40)
FN:1212,(anonymous_41)
FN:1225,(anonymous_42)
FN:1233,(anonymous_43)
FN:1243,(anonymous_44)
FN:1246,(anonymous_45)
FN:1251,(anonymous_46)
FN:1272,(anonymous_47)
FN:1287,(anonymous_48)
FN:1298,(anonymous_49)
FN:1325,(anonymous_50)
FN:1352,(anonymous_51)
FN:1364,(anonymous_52)
FN:1373,(anonymous_53)
FN:1376,(anonymous_54)
FN:1384,(anonymous_55)
FN:1399,(anonymous_56)
FN:1407,(anonymous_57)
FN:1434,(anonymous_58)
FN:1446,(anonymous_59)
FN:1457,(anonymous_60)
FN:1460,(anonymous_61)
FN:1469,(anonymous_62)
FN:1488,(anonymous_63)
FN:1492,(anonymous_64)
FN:1501,(anonymous_65)
FN:1524,(anonymous_66)
FN:1539,(anonymous_67)
FN:1548,(anonymous_68)
FN:1552,(anonymous_69)
FN:1561,(anonymous_70)
FN:1585,(anonymous_71)
FN:1596,(anonymous_72)
FN:1600,(anonymous_73)
FN:1610,(anonymous_74)
FN:1621,(anonymous_75)
FN:1625,(anonymous_76)
FN:1634,(anonymous_77)
FN:1646,(anonymous_78)
FN:1657,(anonymous_79)
FN:1663,(anonymous_80)
FN:1674,(anonymous_81)
FN:1702,(anonymous_82)
FN:1717,(anonymous_83)
FN:1728,(anonymous_84)
FN:1736,(anonymous_85)
FN:1765,(anonymous_86)
FN:1794,(anonymous_87)
FN:1810,(anonymous_88)
FN:1825,(anonymous_89)
FN:1833,(anonymous_90)
FN:1860,(anonymous_91)
FN:1877,(anonymous_92)
FN:1887,(anonymous_93)
FN:1891,(anonymous_94)
FN:1918,(anonymous_95)
FN:1928,(anonymous_96)
FN:1932,(anonymous_97)
FN:1961,(anonymous_98)
FN:1976,(anonymous_99)
FN:1984,(anonymous_100)
FN:1998,(anonymous_101)
FN:2008,(anonymous_102)
FN:2012,(anonymous_103)
FN:2041,(anonymous_104)
FN:2056,(anonymous_105)
FN:2064,(anonymous_106)
FN:2078,(anonymous_107)
FN:2088,(anonymous_108)
FN:2092,(anonymous_109)
FN:2106,(anonymous_110)
FN:2135,(anonymous_111)
FN:2152,(anonymous_112)
FN:2163,(anonymous_113)
FN:2178,(anonymous_114)
FN:2190,(anonymous_115)
FN:2207,(anonymous_116)
FN:2278,(anonymous_117)
FN:2279,(anonymous_118)
FN:2280,(anonymous_119)
FN:2281,(anonymous_120)
FN:2282,(anonymous_121)
FN:2298,(anonymous_122)
FN:2336,(anonymous_123)
FN:2365,(anonymous_124)
FN:2380,(anonymous_125)
FN:2397,(anonymous_126)
FN:2399,(anonymous_127)
FN:2412,(anonymous_128)
FN:2423,(anonymous_129)
FN:2431,(anonymous_130)
FN:2505,(anonymous_131)
FN:2532,(anonymous_132)
FN:2558,(anonymous_133)
FN:2586,(anonymous_134)
FN:2628,(anonymous_135)
FN:2632,(anonymous_136)
FN:2644,(anonymous_137)
FN:2666,(anonymous_138)
FN:2688,(anonymous_139)
FN:2697,(anonymous_140)
FN:2702,(anonymous_141)
FN:2709,(anonymous_142)
FN:2717,(anonymous_143)
FN:2732,(anonymous_144)
FN:2751,(anonymous_145)
FN:2777,(anonymous_146)
FN:2846,(anonymous_147)
FN:2856,(anonymous_148)
FN:2864,(anonymous_149)
FN:2871,(anonymous_150)
FN:2879,(anonymous_151)
FN:2883,(anonymous_152)
FN:2917,(anonymous_153)
FN:2932,(anonymous_154)
FN:2942,(anonymous_155)
FN:2949,(anonymous_156)
FN:2962,(anonymous_157)
FN:2971,(anonymous_158)
FN:2982,(anonymous_159)
FN:2993,(anonymous_160)
FN:3001,(anonymous_161)
FN:3013,(anonymous_162)
FN:3023,(anonymous_163)
FN:3035,(anonymous_164)
FN:3048,(anonymous_165)
FN:3059,(anonymous_166)
FN:3069,(anonymous_167)
FN:3082,(anonymous_168)
FN:3092,(anonymous_169)
FN:3102,(anonymous_170)
FN:3121,(anonymous_171)
FN:3132,(anonymous_172)
FN:3143,(anonymous_173)
FN:3168,(anonymous_174)
FN:3181,(anonymous_175)
FN:3200,(anonymous_176)
FN:3205,(anonymous_177)
FN:3209,(anonymous_178)
FN:3214,(anonymous_179)
FN:3223,(anonymous_180)
FN:3258,(anonymous_181)
FN:3267,(anonymous_182)
FN:3271,(anonymous_183)
FN:3280,(anonymous_184)
FN:3310,(anonymous_185)
FN:3323,(anonymous_186)
FN:3348,(anonymous_187)
FN:3370,(anonymous_188)
FN:3374,(anonymous_189)
FN:3382,(anonymous_190)
FN:3386,(anonymous_191)
FN:3389,(anonymous_192)
FN:3397,(anonymous_193)
FN:3401,(anonymous_194)
FN:3428,(anonymous_195)
FN:3457,(anonymous_196)
FN:3494,(anonymous_197)
FN:3507,(anonymous_198)
FN:3527,(anonymous_199)
FN:3531,(anonymous_200)
FN:3539,(anonymous_201)
FN:3547,(anonymous_202)
FN:3569,(anonymous_203)
FN:3592,(anonymous_204)
FN:3618,(anonymous_205)
FN:3637,(anonymous_206)
FN:3641,(anonymous_207)
FN:3649,(anonymous_208)
FN:3657,(anonymous_209)
FN:3666,(anonymous_210)
FN:3679,(anonymous_211)
FN:3700,(anonymous_212)
FN:3704,(anonymous_213)
FN:3710,(anonymous_214)
FN:3728,(anonymous_215)
FN:3736,(anonymous_216)
FN:3745,(anonymous_217)
FN:3758,(anonymous_218)
FN:3763,(anonymous_219)
FN:3772,(anonymous_220)
FN:3784,(anonymous_221)
FN:3796,(anonymous_222)
FN:3800,(anonymous_223)
FN:3810,(anonymous_224)
FN:3833,(anonymous_225)
FN:3864,(anonymous_226)
FN:3889,(anonymous_227)
FN:3896,(anonymous_228)
FN:3929,(anonymous_229)
FN:3976,(anonymous_230)
FN:3997,(anonymous_231)
FN:3998,(anonymous_232)
FN:4035,(anonymous_233)
FN:4066,(anonymous_234)
FN:4081,(anonymous_235)
FN:4091,(anonymous_236)
FN:4100,(anonymous_237)
FN:4134,(anonymous_238)
FN:4170,(anonymous_239)
FN:4181,(anonymous_240)
FN:4226,(anonymous_241)
FN:4242,(anonymous_242)
FN:4265,(anonymous_243)
FN:4281,(anonymous_244)
FN:4296,(anonymous_245)
FN:4306,(anonymous_246)
FN:4314,(anonymous_247)
FN:4331,(anonymous_248)
FN:4343,createStorage
FNF:250
FNH:0
FNDA:0,(anonymous_0)
FNDA:0,(anonymous_1)
FNDA:0,(anonymous_2)
FNDA:0,(anonymous_3)
FNDA:0,(anonymous_4)
FNDA:0,(anonymous_5)
FNDA:0,(anonymous_6)
FNDA:0,(anonymous_7)
FNDA:0,(anonymous_8)
FNDA:0,(anonymous_9)
FNDA:0,(anonymous_10)
FNDA:0,(anonymous_11)
FNDA:0,(anonymous_12)
FNDA:0,(anonymous_13)
FNDA:0,(anonymous_14)
FNDA:0,(anonymous_15)
FNDA:0,(anonymous_16)
FNDA:0,(anonymous_17)
FNDA:0,(anonymous_18)
FNDA:0,(anonymous_19)
FNDA:0,(anonymous_20)
FNDA:0,(anonymous_21)
FNDA:0,(anonymous_22)
FNDA:0,(anonymous_23)
FNDA:0,(anonymous_24)
FNDA:0,(anonymous_25)
FNDA:0,(anonymous_26)
FNDA:0,(anonymous_27)
FNDA:0,(anonymous_28)
FNDA:0,(anonymous_29)
FNDA:0,(anonymous_30)
FNDA:0,(anonymous_31)
FNDA:0,(anonymous_32)
FNDA:0,(anonymous_33)
FNDA:0,(anonymous_34)
FNDA:0,(anonymous_35)
FNDA:0,(anonymous_36)
FNDA:0,(anonymous_37)
FNDA:0,(anonymous_38)
FNDA:0,(anonymous_39)
FNDA:0,(anonymous_40)
FNDA:0,(anonymous_41)
FNDA:0,(anonymous_42)
FNDA:0,(anonymous_43)
FNDA:0,(anonymous_44)
FNDA:0,(anonymous_45)
FNDA:0,(anonymous_46)
FNDA:0,(anonymous_47)
FNDA:0,(anonymous_48)
FNDA:0,(anonymous_49)
FNDA:0,(anonymous_50)
FNDA:0,(anonymous_51)
FNDA:0,(anonymous_52)
FNDA:0,(anonymous_53)
FNDA:0,(anonymous_54)
FNDA:0,(anonymous_55)
FNDA:0,(anonymous_56)
FNDA:0,(anonymous_57)
FNDA:0,(anonymous_58)
FNDA:0,(anonymous_59)
FNDA:0,(anonymous_60)
FNDA:0,(anonymous_61)
FNDA:0,(anonymous_62)
FNDA:0,(anonymous_63)
FNDA:0,(anonymous_64)
FNDA:0,(anonymous_65)
FNDA:0,(anonymous_66)
FNDA:0,(anonymous_67)
FNDA:0,(anonymous_68)
FNDA:0,(anonymous_69)
FNDA:0,(anonymous_70)
FNDA:0,(anonymous_71)
FNDA:0,(anonymous_72)
FNDA:0,(anonymous_73)
FNDA:0,(anonymous_74)
FNDA:0,(anonymous_75)
FNDA:0,(anonymous_76)
FNDA:0,(anonymous_77)
FNDA:0,(anonymous_78)
FNDA:0,(anonymous_79)
FNDA:0,(anonymous_80)
FNDA:0,(anonymous_81)
FNDA:0,(anonymous_82)
FNDA:0,(anonymous_83)
FNDA:0,(anonymous_84)
FNDA:0,(anonymous_85)
FNDA:0,(anonymous_86)
FNDA:0,(anonymous_87)
FNDA:0,(anonymous_88)
FNDA:0,(anonymous_89)
FNDA:0,(anonymous_90)
FNDA:0,(anonymous_91)
FNDA:0,(anonymous_92)
FNDA:0,(anonymous_93)
FNDA:0,(anonymous_94)
FNDA:0,(anonymous_95)
FNDA:0,(anonymous_96)
FNDA:0,(anonymous_97)
FNDA:0,(anonymous_98)
FNDA:0,(anonymous_99)
FNDA:0,(anonymous_100)
FNDA:0,(anonymous_101)
FNDA:0,(anonymous_102)
FNDA:0,(anonymous_103)
FNDA:0,(anonymous_104)
FNDA:0,(anonymous_105)
FNDA:0,(anonymous_106)
FNDA:0,(anonymous_107)
FNDA:0,(anonymous_108)
FNDA:0,(anonymous_109)
FNDA:0,(anonymous_110)
FNDA:0,(anonymous_111)
FNDA:0,(anonymous_112)
FNDA:0,(anonymous_113)
FNDA:0,(anonymous_114)
FNDA:0,(anonymous_115)
FNDA:0,(anonymous_116)
FNDA:0,(anonymous_117)
FNDA:0,(anonymous_118)
FNDA:0,(anonymous_119)
FNDA:0,(anonymous_120)
FNDA:0,(anonymous_121)
FNDA:0,(anonymous_122)
FNDA:0,(anonymous_123)
FNDA:0,(anonymous_124)
FNDA:0,(anonymous_125)
FNDA:0,(anonymous_126)
FNDA:0,(anonymous_127)
FNDA:0,(anonymous_128)
FNDA:0,(anonymous_129)
FNDA:0,(anonymous_130)
FNDA:0,(anonymous_131)
FNDA:0,(anonymous_132)
FNDA:0,(anonymous_133)
FNDA:0,(anonymous_134)
FNDA:0,(anonymous_135)
FNDA:0,(anonymous_136)
FNDA:0,(anonymous_137)
FNDA:0,(anonymous_138)
FNDA:0,(anonymous_139)
FNDA:0,(anonymous_140)
FNDA:0,(anonymous_141)
FNDA:0,(anonymous_142)
FNDA:0,(anonymous_143)
FNDA:0,(anonymous_144)
FNDA:0,(anonymous_145)
FNDA:0,(anonymous_146)
FNDA:0,(anonymous_147)
FNDA:0,(anonymous_148)
FNDA:0,(anonymous_149)
FNDA:0,(anonymous_150)
FNDA:0,(anonymous_151)
FNDA:0,(anonymous_152)
FNDA:0,(anonymous_153)
FNDA:0,(anonymous_154)
FNDA:0,(anonymous_155)
FNDA:0,(anonymous_156)
FNDA:0,(anonymous_157)
FNDA:0,(anonymous_158)
FNDA:0,(anonymous_159)
FNDA:0,(anonymous_160)
FNDA:0,(anonymous_161)
FNDA:0,(anonymous_162)
FNDA:0,(anonymous_163)
FNDA:0,(anonymous_164)
FNDA:0,(anonymous_165)
FNDA:0,(anonymous_166)
FNDA:0,(anonymous_167)
FNDA:0,(anonymous_168)
FNDA:0,(anonymous_169)
FNDA:0,(anonymous_170)
FNDA:0,(anonymous_171)
FNDA:0,(anonymous_172)
FNDA:0,(anonymous_173)
FNDA:0,(anonymous_174)
FNDA:0,(anonymous_175)
FNDA:0,(anonymous_176)
FNDA:0,(anonymous_177)
FNDA:0,(anonymous_178)
FNDA:0,(anonymous_179)
FNDA:0,(anonymous_180)
FNDA:0,(anonymous_181)
FNDA:0,(anonymous_182)
FNDA:0,(anonymous_183)
FNDA:0,(anonymous_184)
FNDA:0,(anonymous_185)
FNDA:0,(anonymous_186)
FNDA:0,(anonymous_187)
FNDA:0,(anonymous_188)
FNDA:0,(anonymous_189)
FNDA:0,(anonymous_190)
FNDA:0,(anonymous_191)
FNDA:0,(anonymous_192)
FNDA:0,(anonymous_193)
FNDA:0,(anonymous_194)
FNDA:0,(anonymous_195)
FNDA:0,(anonymous_196)
FNDA:0,(anonymous_197)
FNDA:0,(anonymous_198)
FNDA:0,(anonymous_199)
FNDA:0,(anonymous_200)
FNDA:0,(anonymous_201)
FNDA:0,(anonymous_202)
FNDA:0,(anonymous_203)
FNDA:0,(anonymous_204)
FNDA:0,(anonymous_205)
FNDA:0,(anonymous_206)
FNDA:0,(anonymous_207)
FNDA:0,(anonymous_208)
FNDA:0,(anonymous_209)
FNDA:0,(anonymous_210)
FNDA:0,(anonymous_211)
FNDA:0,(anonymous_212)
FNDA:0,(anonymous_213)
FNDA:0,(anonymous_214)
FNDA:0,(anonymous_215)
FNDA:0,(anonymous_216)
FNDA:0,(anonymous_217)
FNDA:0,(anonymous_218)
FNDA:0,(anonymous_219)
FNDA:0,(anonymous_220)
FNDA:0,(anonymous_221)
FNDA:0,(anonymous_222)
FNDA:0,(anonymous_223)
FNDA:0,(anonymous_224)
FNDA:0,(anonymous_225)
FNDA:0,(anonymous_226)
FNDA:0,(anonymous_227)
FNDA:0,(anonymous_228)
FNDA:0,(anonymous_229)
FNDA:0,(anonymous_230)
FNDA:0,(anonymous_231)
FNDA:0,(anonymous_232)
FNDA:0,(anonymous_233)
FNDA:0,(anonymous_234)
FNDA:0,(anonymous_235)
FNDA:0,(anonymous_236)
FNDA:0,(anonymous_237)
FNDA:0,(anonymous_238)
FNDA:0,(anonymous_239)
FNDA:0,(anonymous_240)
FNDA:0,(anonymous_241)
FNDA:0,(anonymous_242)
FNDA:0,(anonymous_243)
FNDA:0,(anonymous_244)
FNDA:0,(anonymous_245)
FNDA:0,(anonymous_246)
FNDA:0,(anonymous_247)
FNDA:0,(anonymous_248)
FNDA:0,createStorage
DA:713,0
DA:714,0
DA:715,0
DA:716,0
DA:717,0
DA:720,0
DA:723,0
DA:724,0
DA:737,0
DA:741,0
DA:742,0
DA:746,0
DA:750,0
DA:754,0
DA:757,0
DA:764,0
DA:765,0
DA:766,0
DA:767,0
DA:771,0
DA:783,0
DA:790,0
DA:791,0
DA:796,0
DA:801,0
DA:808,0
DA:809,0
DA:810,0
DA:811,0
DA:815,0
DA:819,0
DA:820,0
DA:828,0
DA:830,0
DA:831,0
DA:836,0
DA:838,0
DA:840,0
DA:841,0
DA:843,0
DA:851,0
DA:852,0
DA:855,0
DA:862,0
DA:866,0
DA:867,0
DA:868,0
DA:872,0
DA:879,0
DA:883,0
DA:887,0
DA:888,0
DA:896,0
DA:900,0
DA:904,0
DA:908,0
DA:909,0
DA:917,0
DA:921,0
DA:925,0
DA:929,0
DA:930,0
DA:938,0
DA:942,0
DA:946,0
DA:950,0
DA:951,0
DA:959,0
DA:963,0
DA:967,0
DA:973,0
DA:974,0
DA:982,0
DA:986,0
DA:992,0
DA:999,0
DA:1004,0
DA:1006,0
DA:1008,0
DA:1019,0
DA:1021,0
DA:1022,0
DA:1029,0
DA:1030,0
DA:1033,0
DA:1038,0
DA:1039,0
DA:1042,0
DA:1044,0
DA:1057,0
DA:1058,0
DA:1062,0
DA:1063,0
DA:1064,0
DA:1065,0
DA:1069,0
DA:1070,0
DA:1075,0
DA:1076,0
DA:1078,0
DA:1079,0
DA:1080,0
DA:1081,0
DA:1085,0
DA:1089,0
DA:1090,0
DA:1094,0
DA:1095,0
DA:1102,0
DA:1103,0
DA:1105,0
DA:1109,0
DA:1112,0
DA:1113,0
DA:1121,0
DA:1123,0
DA:1124,0
DA:1127,0
DA:1142,0
DA:1145,0
DA:1146,0
DA:1151,0
DA:1152,0
DA:1159,0
DA:1160,0
DA:1168,0
DA:1169,0
DA:1178,0
DA:1179,0
DA:1182,0
DA:1192,0
DA:1193,0
DA:1194,0
DA:1203,0
DA:1209,0
DA:1213,0
DA:1219,0
DA:1220,0
DA:1222,0
DA:1226,0
DA:1229,0
DA:1230,0
DA:1234,0
DA:1235,0
DA:1237,0
DA:1243,0
DA:1247,0
DA:1248,0
DA:1256,0
DA:1260,0
DA:1261,0
DA:1264,0
DA:1273,0
DA:1274,0
DA:1281,0
DA:1282,0
DA:1284,0
DA:1289,0
DA:1294,0
DA:1295,0
DA:1303,0
DA:1305,0
DA:1306,0
DA:1309,0
DA:1316,0
DA:1317,0
DA:1318,0
DA:1322,0
DA:1330,0
DA:1332,0
DA:1333,0
DA:1336,0
DA:1343,0
DA:1344,0
DA:1345,0
DA:1349,0
DA:1356,0
DA:1361,0
DA:1368,0
DA:1369,0
DA:1373,0
DA:1377,0
DA:1381,0
DA:1385,0
DA:1386,0
DA:1393,0
DA:1394,0
DA:1396,0
DA:1400,0
DA:1403,0
DA:1404,0
DA:1412,0
DA:1414,0
DA:1415,0
DA:1418,0
DA:1425,0
DA:1426,0
DA:1427,0
DA:1431,0
DA:1438,0
DA:1443,0
DA:1450,0
DA:1451,0
DA:1457,0
DA:1461,0
DA:1465,0
DA:1475,0
DA:1485,0
DA:1489,0
DA:1493,0
DA:1498,0
DA:1506,0
DA:1507,0
DA:1508,0
DA:1510,0
DA:1516,0
DA:1517,0
DA:1518,0
DA:1521,0
DA:1528,0
DA:1535,0
DA:1540,0
DA:1545,0
DA:1549,0
DA:1553,0
DA:1558,0
DA:1566,0
DA:1567,0
DA:1568,0
DA:1570,0
DA:1576,0
DA:1577,0
DA:1578,0
DA:1581,0
DA:1588,0
DA:1593,0
DA:1597,0
DA:1601,0
DA:1606,0
DA:1613,0
DA:1618,0
DA:1622,0
DA:1626,0
DA:1631,0
DA:1637,0
DA:1642,0
DA:1649,0
DA:1654,0
DA:1658,0
DA:1666,0
DA:1671,0
DA:1679,0
DA:1680,0
DA:1681,0
DA:1685,0
DA:1691,0
DA:1692,0
DA:1693,0
DA:1696,0
DA:1703,0
DA:1704,0
DA:1711,0
DA:1712,0
DA:1714,0
DA:1719,0
DA:1724,0
DA:1725,0
DA:1729,0
DA:1733,0
DA:1741,0
DA:1748,0
DA:1755,0
DA:1756,0
DA:1758,0
DA:1762,0
DA:1770,0
DA:1777,0
DA:1784,0
DA:1785,0
DA:1787,0
DA:1791,0
DA:1798,0
DA:1807,0
DA:1811,0
DA:1812,0
DA:1819,0
DA:1820,0
DA:1822,0
DA:1826,0
DA:1829,0
DA:1830,0
DA:1838,0
DA:1840,0
DA:1841,0
DA:1844,0
DA:1851,0
DA:1852,0
DA:1853,0
DA:1857,0
DA:1864,0
DA:1866,0
DA:1878,0
DA:1879,0
DA:1884,0
DA:1888,0
DA:1896,0
DA:1898,0
DA:1899,0
DA:1902,0
DA:1909,0
DA:1910,0
DA:1911,0
DA:1915,0
DA:1919,0
DA:1920,0
DA:1925,0
DA:1929,0
DA:1937,0
DA:1939,0
DA:1940,0
DA:1941,0
DA:1944,0
DA:1951,0
DA:1952,0
DA:1953,0
DA:1954,0
DA:1958,0
DA:1965,0
DA:1968,0
DA:1973,0
DA:1976,0
DA:1977,0
DA:1983,0
DA:1984,0
DA:1986,0
DA:1987,0
DA:1988,0
DA:1989,0
DA:1990,0
DA:1995,0
DA:1999,0
DA:2000,0
DA:2005,0
DA:2009,0
DA:2017,0
DA:2019,0
DA:2020,0
DA:2021,0
DA:2024,0
DA:2031,0
DA:2032,0
DA:2033,0
DA:2034,0
DA:2038,0
DA:2045,0
DA:2048,0
DA:2053,0
DA:2056,0
DA:2057,0
DA:2063,0
DA:2064,0
DA:2066,0
DA:2067,0
DA:2068,0
DA:2069,0
DA:2070,0
DA:2075,0
DA:2079,0
DA:2080,0
DA:2085,0
DA:2089,0
DA:2096,0
DA:2111,0
DA:2113,0
DA:2114,0
DA:2115,0
DA:2118,0
DA:2125,0
DA:2126,0
DA:2127,0
DA:2128,0
DA:2132,0
DA:2139,0
DA:2149,0
DA:2155,0
DA:2160,0
DA:2166,0
DA:2167,0
DA:2175,0
DA:2182,0
DA:2187,0
DA:2203,0
DA:2204,0
DA:2222,0
DA:2230,0
DA:2278,0
DA:2279,0
DA:2280,0
DA:2281,0
DA:2282,0
DA:2284,0
DA:2285,0
DA:2286,0
DA:2295,0
DA:2308,0
DA:2313,0
DA:2331,0
DA:2333,0
DA:2334,0
DA:2335,0
DA:2336,0
DA:2356,0
DA:2362,0
DA:2370,0
DA:2376,0
DA:2377,0
DA:2380,0
DA:2383,0
DA:2395,0
DA:2396,0
DA:2397,0
DA:2399,0
DA:2401,0
DA:2402,0
DA:2406,0
DA:2418,0
DA:2423,0
DA:2426,0
DA:2431,0
DA:2433,0
DA:2437,0
DA:2439,0
DA:2440,0
DA:2441,0
DA:2442,0
DA:2446,0
DA:2447,0
DA:2450,0
DA:2457,0
DA:2460,0
DA:2465,0
DA:2469,0
DA:2484,0
DA:2485,0
DA:2488,0
DA:2489,0
DA:2492,0
DA:2499,0
DA:2502,0
DA:2507,0
DA:2509,0
DA:2517,0
DA:2523,0
DA:2533,0
DA:2537,0
DA:2540,0
DA:2541,0
DA:2550,0
DA:2553,0
DA:2554,0
DA:2559,0
DA:2565,0
DA:2566,0
DA:2567,0
DA:2568,0
DA:2577,0
DA:2580,0
DA:2583,0
DA:2595,0
DA:2596,0
DA:2597,0
DA:2601,0
DA:2602,0
DA:2606,0
DA:2607,0
DA:2610,0
DA:2616,0
DA:2619,0
DA:2629,0
DA:2635,0
DA:2645,0
DA:2646,0
DA:2648,0
DA:2649,0
DA:2651,0
DA:2652,0
DA:2653,0
DA:2657,0
DA:2658,0
DA:2659,0
DA:2663,0
DA:2671,0
DA:2672,0
DA:2689,0
DA:2690,0
DA:2694,0
DA:2698,0
DA:2699,0
DA:2703,0
DA:2704,0
DA:2710,0
DA:2714,0
DA:2720,0
DA:2721,0
DA:2729,0
DA:2736,0
DA:2743,0
DA:2744,0
DA:2745,0
DA:2748,0
DA:2754,0
DA:2777,0
DA:2779,0
DA:2780,0
DA:2781,0
DA:2782,0
DA:2783,0
DA:2784,0
DA:2785,0
DA:2786,0
DA:2789,0
DA:2793,0
DA:2804,0
DA:2831,0
DA:2832,0
DA:2841,0
DA:2842,0
DA:2847,0
DA:2848,0
DA:2853,0
DA:2857,0
DA:2861,0
DA:2865,0
DA:2872,0
DA:2873,0
DA:2880,0
DA:2889,0
DA:2891,0
DA:2892,0
DA:2894,0
DA:2895,0
DA:2897,0
DA:2898,0
DA:2901,0
DA:2903,0
DA:2904,0
DA:2907,0
DA:2909,0
DA:2910,0
DA:2913,0
DA:2920,0
DA:2921,0
DA:2929,0
DA:2935,0
DA:2939,0
DA:2943,0
DA:2953,0
DA:2958,0
DA:2963,0
DA:2964,0
DA:2968,0
DA:2972,0
DA:2974,0
DA:2975,0
DA:2978,0
DA:2985,0
DA:2986,0
DA:2990,0
DA:2994,0
DA:2998,0
DA:3005,0
DA:3016,0
DA:3027,0
DA:3039,0
DA:3044,0
DA:3051,0
DA:3052,0
DA:3056,0
DA:3062,0
DA:3073,0
DA:3085,0
DA:3089,0
DA:3095,0
DA:3107,0
DA:3109,0
DA:3110,0
DA:3113,0
DA:3124,0
DA:3129,0
DA:3135,0
DA:3140,0
DA:3149,0
DA:3151,0
DA:3152,0
DA:3156,0
DA:3157,0
DA:3160,0
DA:3169,0
DA:3178,0
DA:3185,0
DA:3190,0
DA:3191,0
DA:3194,0
DA:3201,0
DA:3202,0
DA:3206,0
DA:3210,0
DA:3211,0
DA:3215,0
DA:3229,0
DA:3231,0
DA:3232,0
DA:3235,0
DA:3236,0
DA:3239,0
DA:3246,0
DA:3247,0
DA:3248,0
DA:3252,0
DA:3259,0
DA:3264,0
DA:3268,0
DA:3272,0
DA:3285,0
DA:3287,0
DA:3288,0
DA:3291,0
DA:3298,0
DA:3299,0
DA:3300,0
DA:3304,0
DA:3317,0
DA:3323,0
DA:3325,0
DA:3326,0
DA:3329,0
DA:3331,0
DA:3332,0
DA:3336,0
DA:3344,0
DA:3351,0
DA:3367,0
DA:3371,0
DA:3375,0
DA:3379,0
DA:3383,0
DA:3386,0
DA:3390,0
DA:3391,0
DA:3398,0
DA:3406,0
DA:3408,0
DA:3409,0
DA:3412,0
DA:3419,0
DA:3420,0
DA:3421,0
DA:3425,0
DA:3432,0
[...]
FN:126,getUserPdsEndpoint
FN:145,(anonymous_4)
FN:269,resolveActor
FNF:6
FNH:1
FNDA:5,resolveDidDocument
FNDA:0,discoverPdsViaHandle
FNDA:0,extractDomainFromHandle
FNDA:0,getUserPdsEndpoint
FNDA:0,(anonymous_4)
FNDA:0,resolveActor
DA:15,5
DA:17,5
DA:18,4
DA:19,2
DA:21,2
DA:23,1
DA:27,1
DA:35,1
DA:46,0
DA:49,0
DA:50,0
DA:56,0
DA:57,0
DA:58,0
DA:61,0
DA:65,0
DA:70,0
DA:75,0
DA:83,0
DA:84,0
DA:89,0
DA:91,0
DA:92,0
DA:96,0
DA:108,0
DA:109,0
DA:110,0
DA:112,0
DA:113,0
DA:119,0
DA:129,0
DA:131,0
DA:132,0
DA:133,0
DA:136,0
DA:140,0
DA:142,0
DA:144,0
DA:145,0
DA:146,0
DA:147,0
DA:152,0
DA:156,0
DA:161,0
DA:162,0
DA:167,0
DA:171,0
DA:172,0
DA:178,0
DA:182,0
DA:183,0
DA:184,0
DA:187,0
DA:190,0
DA:191,0
DA:194,0
DA:195,0
DA:196,0
DA:200,0
DA:201,0
DA:206,0
DA:207,0
DA:209,0
DA:210,0
DA:214,0
DA:215,0
DA:217,0
DA:224,0
DA:225,0
DA:226,0
DA:229,0
DA:230,0
DA:233,0
DA:238,0
DA:239,0
DA:241,0
DA:248,0
DA:251,0
DA:254,0
DA:256,0
DA:260,0
DA:273,0
DA:276,0
DA:279,0
DA:282,0
DA:283,0
DA:284,0
DA:287,0
DA:288,0
DA:290,0
DA:291,0
DA:293,0
DA:295,0
DA:296,0
DA:298,0
DA:299,0
DA:302,0
DA:303,0
DA:306,0
DA:308,0
DA:309,0
DA:313,0
DA:316,0
DA:317,0
DA:318,0
DA:319,0
DA:324,0
DA:326,0
DA:327,0
LF:109
LH:8
BRDA:18,0,0,2
BRDA:18,0,1,2
BRDA:56,1,0,0
BRDA:56,1,1,0
BRDA:58,2,0,0
BRDA:58,2,1,0
BRDA:83,3,0,0
BRDA:83,3,1,0
BRDA:83,4,0,0
BRDA:83,4,1,0
BRDA:91,5,0,0
BRDA:91,5,1,0
BRDA:108,6,0,0
BRDA:108,6,1,0
BRDA:110,7,0,0
BRDA:110,7,1,0
BRDA:112,8,0,0
BRDA:112,8,1,0
BRDA:132,9,0,0
BRDA:132,9,1,0
BRDA:142,10,0,0
BRDA:142,10,1,0
BRDA:144,11,0,0
BRDA:144,11,1,0
BRDA:148,12,0,0
BRDA:148,12,1,0
BRDA:152,13,0,0
BRDA:152,13,1,0
BRDA:153,14,0,0
BRDA:153,14,1,0
BRDA:161,15,0,0
BRDA:161,15,1,0
BRDA:183,16,0,0
BRDA:183,16,1,0
BRDA:195,17,0,0
BRDA:195,17,1,0
BRDA:195,18,0,0
BRDA:195,18,1,0
BRDA:207,19,0,0
BRDA:207,19,1,0
BRDA:209,20,0,0
BRDA:209,20,1,0
BRDA:225,21,0,0
BRDA:225,21,1,0
BRDA:229,22,0,0
BRDA:229,22,1,0
BRDA:273,23,0,0
BRDA:273,23,1,0
BRDA:283,24,0,0
BRDA:283,24,1,0
BRDA:290,25,0,0
BRDA:290,25,1,0
BRDA:298,26,0,0
BRDA:298,26,1,0
BRDA:308,27,0,0
BRDA:308,27,1,0
BRDA:316,28,0,0
BRDA:316,28,1,0
BRF:58
BRH:2
end_of_record
TN:
SF:server\services\xrpc\utils\serializers.ts
FN:19,multihashToCid
FN:58,getBaseUrl
FN:73,cidFromBlobJson
FN:92,transformBlobToCdnUrl
FN:135,directCidToCdnUrl
FN:151,transformEmbedUrls
FN:165,(anonymous_6)
FN:191,(anonymous_7)
FN:228,maybeAvatar
FN:244,maybeBanner
FN:260,createAuthorViewerState
FN:305,serializePosts
FN:321,(anonymous_12)
FN:322,(anonymous_13)
FN:354,(anonymous_14)
FN:355,(anonymous_15)
FN:373,(anonymous_16)
FN:393,(anonymous_17)
FN:394,(anonymous_18)
FN:400,(anonymous_19)
FN:402,(anonymous_20)
FN:409,(anonymous_21)
FN:414,(anonymous_22)
FN:424,(anonymous_23)
FN:427,(anonymous_24)
FN:493,(anonymous_25)
FN:553,(anonymous_26)
FN:631,(anonymous_27)
FN:637,serializePostsEnhanced
FN:648,(anonymous_29)
FN:667,(anonymous_30)
FN:746,(anonymous_31)
FN:957,(anonymous_32)
FN:985,(anonymous_33)
FNF:34
FNH:4
FNDA:4,multihashToCid
FNDA:12,getBaseUrl
FNDA:7,cidFromBlobJson
FNDA:6,transformBlobToCdnUrl
FNDA:0,directCidToCdnUrl
FNDA:0,transformEmbedUrls
FNDA:0,(anonymous_6)
FNDA:0,(anonymous_7)
FNDA:0,maybeAvatar
FNDA:0,maybeBanner
FNDA:0,createAuthorViewerState
FNDA:0,serializePosts
FNDA:0,(anonymous_12)
FNDA:0,(anonymous_13)
FNDA:0,(anonymous_14)
FNDA:0,(anonymous_15)
FNDA:0,(anonymous_16)
FNDA:0,(anonymous_17)
FNDA:0,(anonymous_18)
FNDA:0,(anonymous_19)
FNDA:0,(anonymous_20)
FNDA:0,(anonymous_21)
FNDA:0,(anonymous_22)
FNDA:0,(anonymous_23)
FNDA:0,(anonymous_24)
FNDA:0,(anonymous_25)
FNDA:0,(anonymous_26)
FNDA:0,(anonymous_27)
FNDA:0,serializePostsEnhanced
FNDA:0,(anonymous_29)
FNDA:0,(anonymous_30)
FNDA:0,(anonymous_31)
FNDA:0,(anonymous_32)
FNDA:0,(anonymous_33)
DA:20,4
DA:22,4
DA:23,1
DA:27,3
DA:28,3
DA:29,38
DA:34,3
DA:35,3
DA:36,3
DA:39,3
DA:42,3
DA:44,3
DA:46,0
DA:50,0
DA:59,12
DA:60,7
DA:64,5
DA:66,12
DA:67,12
DA:74,7
DA:75,3
DA:78,4
DA:83,4
DA:84,0
DA:86,4
DA:103,6
DA:109,1
DA:112,5
DA:113,5
DA:114,0
DA:115,0
DA:116,0
DA:119,0
DA:121,0
DA:125,5
DA:126,5
DA:127,5
DA:128,5
DA:145,0
DA:152,0
DA:154,0
DA:157,0
DA:160,0
DA:164,0
DA:165,0
DA:175,0
DA:179,0
DA:183,0
DA:185,0
DA:190,0
DA:191,0
DA:192,0
DA:196,0
DA:197,0
DA:198,0
DA:201,0
DA:205,0
DA:208,0
DA:209,0
DA:210,0
DA:212,0
DA:213,0
DA:215,0
DA:219,0
DA:222,0
DA:233,0
DA:234,0
DA:236,0
DA:249,0
DA:250,0
DA:252,0
DA:266,0
DA:267,0
DA:269,0
DA:311,0
DA:313,0
DA:314,0
DA:317,0
DA:318,0
DA:321,0
DA:322,0
DA:335,0
DA:353,0
DA:354,0
DA:355,0
DA:356,0
DA:363,0
DA:372,0
DA:375,0
DA:382,0
DA:392,0
DA:393,0
DA:394,0
DA:397,0
DA:398,0
DA:399,0
DA:400,0
DA:402,0
DA:403,0
DA:404,0
DA:409,0
DA:412,0
DA:413,0
DA:414,0
DA:415,0
DA:416,0
DA:417,0
DA:421,0
DA:424,0
DA:426,0
DA:428,0
DA:429,0
DA:430,0
DA:431,0
DA:432,0
DA:436,0
DA:437,0
DA:440,0
DA:446,0
DA:449,0
DA:452,0
DA:453,0
DA:454,0
DA:455,0
DA:456,0
DA:458,0
DA:459,0
DA:475,0
DA:481,0
DA:483,0
DA:489,0
DA:491,0
DA:493,0
DA:508,0
DA:510,0
DA:513,0
DA:514,0
DA:520,0
DA:521,0
DA:530,0
DA:534,0
DA:537,0
DA:539,0
DA:546,0
DA:547,0
DA:549,0
DA:554,0
DA:555,0
DA:556,0
DA:558,0
DA:559,0
DA:560,0
DA:562,0
DA:565,0
DA:575,0
DA:578,0
DA:631,0
DA:642,0
DA:644,0
DA:645,0
DA:648,0
DA:651,0
DA:652,0
DA:656,0
DA:657,0
DA:660,0
DA:667,0
DA:668,0
DA:679,0
DA:680,0
DA:681,0
DA:682,0
DA:683,0
DA:684,0
DA:685,0
DA:686,0
DA:687,0
DA:691,0
DA:692,0
DA:695,0
DA:701,0
DA:704,0
DA:714,0
DA:723,0
DA:728,0
DA:730,0
DA:735,0
DA:741,0
DA:744,0
DA:746,0
DA:762,0
DA:766,0
DA:769,0
DA:776,0
DA:783,0
DA:784,0
DA:795,0
DA:799,0
DA:802,0
DA:805,0
DA:809,0
DA:814,0
DA:822,0
DA:826,0
DA:830,0
DA:831,0
DA:846,0
DA:847,0
DA:860,0
DA:881,0
DA:941,0
DA:942,0
DA:957,0
DA:972,0
DA:974,0
DA:975,0
DA:978,0
DA:981,0
DA:985,0
LF:219
LH:30
BRDA:22,0,0,1
BRDA:22,0,1,3
BRDA:59,1,0,7
BRDA:59,1,1,5
BRDA:60,2,0,7
BRDA:60,2,1,6
BRDA:64,3,0,5
BRDA:64,3,1,3
BRDA:64,4,0,1
BRDA:64,4,1,2
BRDA:66,5,0,12
BRDA:66,5,1,4
BRDA:66,5,2,1
BRDA:74,6,0,3
BRDA:74,6,1,4
BRDA:74,7,0,7
BRDA:74,7,1,5
BRDA:83,8,0,0
BRDA:83,8,1,4
BRDA:83,9,0,4
BRDA:83,9,1,2
BRDA:84,10,0,0
BRDA:84,10,1,0
BRDA:86,11,0,4
BRDA:86,11,1,3
BRDA:95,12,0,6
BRDA:103,13,0,1
BRDA:103,13,1,5
BRDA:104,14,0,6
BRDA:104,14,1,5
BRDA:104,14,2,5
BRDA:104,14,3,5
BRDA:113,15,0,0
BRDA:113,15,1,5
BRDA:115,16,0,0
BRDA:115,16,1,0
BRDA:138,17,0,0
BRDA:152,18,0,0
BRDA:152,18,1,0
BRDA:160,19,0,0
BRDA:160,19,1,0
BRDA:161,20,0,0
BRDA:161,20,1,0
BRDA:167,21,0,0
BRDA:167,21,1,0
BRDA:170,22,0,0
BRDA:170,22,1,0
BRDA:175,23,0,0
BRDA:175,23,1,0
BRDA:176,24,0,0
BRDA:176,24,1,0
BRDA:179,25,0,0
BRDA:179,25,1,0
BRDA:180,26,0,0
BRDA:180,26,1,0
BRDA:185,27,0,0
BRDA:185,27,1,0
BRDA:186,28,0,0
BRDA:186,28,1,0
BRDA:190,29,0,0
BRDA:190,29,1,0
BRDA:190,30,0,0
BRDA:190,30,1,0
BRDA:196,31,0,0
BRDA:196,31,1,0
BRDA:197,32,0,0
BRDA:197,32,1,0
BRDA:201,33,0,0
BRDA:201,33,1,0
BRDA:202,34,0,0
BRDA:202,34,1,0
BRDA:208,35,0,0
BRDA:208,35,1,0
BRDA:209,36,0,0
BRDA:209,36,1,0
BRDA:212,37,0,0
BRDA:212,37,1,0
BRDA:215,38,0,0
BRDA:215,38,1,0
BRDA:216,39,0,0
BRDA:216,39,1,0
BRDA:233,40,0,0
BRDA:233,40,1,0
BRDA:236,41,0,0
BRDA:236,41,1,0
BRDA:236,42,0,0
BRDA:236,42,1,0
BRDA:236,42,2,0
BRDA:249,43,0,0
BRDA:249,43,1,0
BRDA:252,44,0,0
BRDA:252,44,1,0
BRDA:252,45,0,0
BRDA:252,45,1,0
BRDA:252,45,2,0
BRDA:272,46,0,0
BRDA:272,46,1,0
BRDA:276,47,0,0
BRDA:276,47,1,0
BRDA:278,48,0,0
BRDA:278,48,1,0
BRDA:284,49,0,0
BRDA:284,49,1,0
BRDA:288,50,0,0
BRDA:288,50,1,0
BRDA:290,51,0,0
BRDA:290,51,1,0
BRDA:313,52,0,0
BRDA:313,52,1,0
BRDA:317,53,0,0
BRDA:317,53,1,0
BRDA:337,54,0,0
BRDA:337,54,1,0
BRDA:338,55,0,0
BRDA:338,55,1,0
BRDA:340,56,0,0
BRDA:340,56,1,0
BRDA:343,57,0,0
BRDA:343,57,1,0
BRDA:346,58,0,0
BRDA:346,58,1,0
BRDA:353,59,0,0
BRDA:353,59,1,0
BRDA:398,60,0,0
BRDA:398,60,1,0
BRDA:403,61,0,0
BRDA:403,61,1,0
BRDA:415,62,0,0
BRDA:415,62,1,0
BRDA:417,63,0,0
BRDA:417,63,1,0
BRDA:440,64,0,0
BRDA:440,64,1,0
BRDA:441,65,0,0
BRDA:441,65,1,0
BRDA:441,65,2,0
BRDA:441,65,3,0
BRDA:447,66,0,0
BRDA:447,66,1,0
BRDA:453,67,0,0
BRDA:453,67,1,0
BRDA:455,68,0,0
BRDA:455,68,1,0
BRDA:458,69,0,0
BRDA:458,69,1,0
BRDA:458,70,0,0
BRDA:458,70,1,0
BRDA:481,71,0,0
BRDA:481,71,1,0
BRDA:483,72,0,0
BRDA:483,72,1,0
BRDA:484,73,0,0
BRDA:484,73,1,0
BRDA:484,73,2,0
BRDA:491,74,0,0
BRDA:491,74,1,0
BRDA:508,75,0,0
BRDA:508,75,1,0
BRDA:513,76,0,0
BRDA:513,76,1,0
BRDA:520,77,0,0
BRDA:520,77,1,0
BRDA:546,78,0,0
BRDA:546,78,1,0
BRDA:547,79,0,0
BRDA:547,79,1,0
BRDA:555,80,0,0
BRDA:555,80,1,0
BRDA:556,81,0,0
BRDA:556,81,1,0
BRDA:575,82,0,0
BRDA:575,82,1,0
BRDA:575,83,0,0
BRDA:575,83,1,0
BRDA:584,84,0,0
BRDA:584,84,1,0
BRDA:584,84,2,0
BRDA:584,84,3,0
BRDA:589,85,0,0
BRDA:589,85,1,0
BRDA:590,86,0,0
BRDA:590,86,1,0
BRDA:592,87,0,0
BRDA:592,87,1,0
BRDA:593,88,0,0
BRDA:593,88,1,0
BRDA:603,89,0,0
BRDA:603,89,1,0
BRDA:610,90,0,0
BRDA:610,90,1,0
BRDA:611,91,0,0
BRDA:611,91,1,0
BRDA:612,92,0,0
BRDA:612,92,1,0
BRDA:613,93,0,0
BRDA:613,93,1,0
BRDA:614,94,0,0
BRDA:614,94,1,0
BRDA:616,95,0,0
BRDA:616,95,1,0
BRDA:617,96,0,0
BRDA:617,96,1,0
BRDA:620,97,0,0
BRDA:620,97,1,0
BRDA:621,98,0,0
BRDA:621,98,1,0
BRDA:622,99,0,0
BRDA:622,99,1,0
BRDA:623,100,0,0
BRDA:623,100,1,0
BRDA:624,101,0,0
BRDA:624,101,1,0
BRDA:625,102,0,0
BRDA:625,102,1,0
BRDA:626,103,0,0
BRDA:626,103,1,0
BRDA:644,104,0,0
BRDA:644,104,1,0
BRDA:651,105,0,0
BRDA:651,105,1,0
BRDA:652,106,0,0
BRDA:652,106,1,0
BRDA:684,107,0,0
BRDA:684,107,1,0
BRDA:685,108,0,0
BRDA:685,108,1,0
BRDA:695,109,0,0
BRDA:695,109,1,0
BRDA:696,110,0,0
BRDA:696,110,1,0
BRDA:696,110,2,0
BRDA:696,110,3,0
BRDA:702,111,0,0
BRDA:702,111,1,0
BRDA:717,112,0,0
BRDA:717,112,1,0
BRDA:719,113,0,0
BRDA:719,113,1,0
BRDA:723,114,0,0
BRDA:723,114,1,0
BRDA:724,115,0,0
BRDA:724,115,1,0
BRDA:728,116,0,0
BRDA:728,116,1,0
BRDA:730,117,0,0
BRDA:730,117,1,0
BRDA:731,118,0,0
BRDA:731,118,1,0
BRDA:731,118,2,0
BRDA:741,119,0,0
BRDA:741,119,1,0
BRDA:762,120,0,0
BRDA:762,120,1,0
BRDA:769,121,0,0
BRDA:769,121,1,0
BRDA:783,122,0,0
BRDA:783,122,1,0
BRDA:805,123,0,0
BRDA:805,123,1,0
BRDA:806,124,0,0
BRDA:806,124,1,0
BRDA:810,125,0,0
BRDA:810,125,1,0
BRDA:814,126,0,0
BRDA:814,126,1,0
BRDA:816,127,0,0
BRDA:816,127,1,0
BRDA:830,128,0,0
BRDA:830,128,1,0
BRDA:830,129,0,0
BRDA:830,129,1,0
BRDA:847,130,0,0
BRDA:847,130,1,0
BRDA:848,131,0,0
BRDA:848,131,1,0
BRDA:860,132,0,0
BRDA:860,132,1,0
BRDA:860,133,0,0
BRDA:860,133,1,0
BRDA:891,134,0,0
BRDA:891,134,1,0
BRDA:891,134,2,0
BRDA:891,134,3,0
BRDA:894,135,0,0
BRDA:894,135,1,0
BRDA:905,136,0,0
BRDA:905,136,1,0
BRDA:907,137,0,0
BRDA:907,137,1,0
BRDA:909,138,0,0
BRDA:909,138,1,0
BRDA:911,139,0,0
BRDA:911,139,1,0
BRDA:914,140,0,0
BRDA:914,140,1,0
BRDA:916,141,0,0
BRDA:916,141,1,0
BRDA:919,142,0,0
BRDA:919,142,1,0
BRDA:922,143,0,0
BRDA:922,143,1,0
BRDA:924,144,0,0
BRDA:924,144,1,0
BRDA:926,145,0,0
BRDA:926,145,1,0
BRDA:928,146,0,0
BRDA:928,146,1,0
BRDA:930,147,0,0
BRDA:930,147,1,0
BRDA:933,148,0,0
BRDA:933,148,1,0
BRDA:935,149,0,0
BRDA:935,149,1,0
BRDA:941,150,0,0
BRDA:941,150,1,0
BRDA:945,151,0,0
BRDA:945,151,1,0
BRDA:950,152,0,0
BRDA:950,152,1,0
BRDA:953,153,0,0
BRDA:953,153,1,0
BRDA:956,154,0,0
BRDA:956,154,1,0
BRDA:964,155,0,0
BRDA:964,155,1,0
BRDA:967,156,0,0
BRDA:967,156,1,0
BRDA:972,157,0,0
BRDA:972,157,1,0
BRDA:975,158,0,0
BRDA:975,158,1,0
BRF:331
BRH:30
end_of_record
TN:
SF:server\types\feed.ts
FN:2,(anonymous_0)
FN:20,(anonymous_1)
FN:107,(anonymous_2)
FN:111,(anonymous_3)
FN:118,(anonymous_4)
FN:136,(anonymous_5)
FN:155,(anonymous_6)
FNF:7
FNH:7
FNDA:1,(anonymous_0)
FNDA:1,(anonymous_1)
FNDA:12,(anonymous_2)
FNDA:18,(anonymous_3)
FNDA:18,(anonymous_4)
FNDA:14,(anonymous_5)
FNDA:11,(anonymous_6)
DA:2,1
DA:3,1
DA:4,1
DA:5,1
DA:6,1
DA:7,1
DA:11,1
DA:20,1
DA:21,1
DA:22,1
DA:23,1
DA:104,12
DA:105,12
DA:109,12
DA:111,12
DA:112,18
DA:113,17
DA:120,18
DA:121,3
DA:124,15
DA:125,1
DA:126,1
DA:128,14
DA:131,14
DA:132,14
DA:133,14
DA:138,14
DA:139,2
DA:142,12
DA:143,14
DA:144,1
DA:147,11
DA:148,11
DA:149,5
DA:152,6
DA:156,11
LF:36
LH:36
BRDA:2,0,0,1
BRDA:2,0,1,1
BRDA:20,1,0,1
BRDA:20,1,1,1
BRDA:112,2,0,17
BRDA:112,2,1,1
BRDA:118,3,0,18
BRDA:120,4,0,3
BRDA:120,4,1,15
BRDA:121,5,0,3
BRDA:121,5,1,0
BRDA:124,6,0,1
BRDA:124,6,1,14
BRDA:138,7,0,2
BRDA:138,7,1,12
BRDA:143,8,0,1
BRDA:143,8,1,13
BRDA:148,9,0,5
BRDA:148,9,1,6
BRDA:156,10,0,11
BRDA:156,10,1,5
BRF:21
BRH:20
end_of_record
TN:
SF:server\utils\sanitize.ts
FN:10,sanitizeString
FN:31,removeNullBytesFromObject
FN:46,(anonymous_2)
FN:65,sanitizeObject
FNF:4
FNH:4
FNDA:25,sanitizeString
FNDA:44,removeNullBytesFromObject
FNDA:10,(anonymous_2)
FNDA:1,sanitizeObject
DA:13,25
DA:14,23
DA:32,44
DA:33,3
DA:36,41
DA:37,16
DA:41,25
DA:42,3
DA:45,22
DA:46,10
DA:49,15
DA:50,11
DA:51,11
DA:52,16
DA:54,11
DA:57,4
DA:66,1
LF:17
LH:17
BRDA:13,0,0,2
BRDA:13,0,1,23
BRDA:13,1,0,25
BRDA:13,1,1,24
BRDA:32,2,0,3
BRDA:32,2,1,41
BRDA:32,3,0,44
BRDA:32,3,1,42
BRDA:36,4,0,16
BRDA:36,4,1,25
BRDA:41,5,0,3
BRDA:41,5,1,22
BRDA:41,6,0,25
BRDA:41,6,1,24
BRDA:41,6,2,23
BRDA:45,7,0,7
BRDA:45,7,1,15
BRDA:49,8,0,11
BRDA:49,8,1,4
BRF:19
BRH:19
end_of_record
TN:
SF:server\utils\security.ts
FN:10,isUrlSafeToFetch
FN:104,sanitizeUrlPath
FN:126,isContentTypeSafe
FN:153,(anonymous_3)
FN:162,sanitizeResponseHeaders
FN:208,isValidDID
FN:224,isValidCID
FN:274,buildSafeBlobUrl
FN:309,safeFetch
FN:339,sanitizeHtmlOutput
FNF:10
FNH:10
FNDA:45,isUrlSafeToFetch
FNDA:7,sanitizeUrlPath
FNDA:18,isContentTypeSafe
FNDA:65,(anonymous_3)
FNDA:5,sanitizeResponseHeaders
FNDA:17,isValidDID
FNDA:13,isValidCID
FNDA:6,buildSafeBlobUrl
FNDA:4,safeFetch
FNDA:11,sanitizeHtmlOutput
DA:11,45
DA:12,45
DA:15,45
DA:16,4
DA:20,34
DA:23,34
DA:30,9
DA:35,25
DA:36,25
DA:38,25
DA:39,15
DA:42,15
DA:43,3
DA:47,12
DA:48,2
DA:52,10
DA:53,3
DA:57,7
DA:58,2
DA:62,5
DA:63,1
DA:68,14
DA:70,2
DA:73,2
DA:77,1
DA:81,1
DA:87,1
DA:91,12
DA:94,7
DA:106,7
DA:109,7
DA:110,7
DA:111,7
DA:114,7
DA:115,1
DA:118,7
DA:129,18
DA:130,1
DA:133,17
DA:136,17
DA:137,3
DA:141,14
DA:153,65
DA:165,5
DA:168,5
DA:183,5
DA:184,11
DA:187,11
DA:189,9
DA:190,8
DA:195,1
DA:200,5
DA:209,17
DA:210,5
DA:215,12
DA:216,12
DA:225,13
DA:226,4
DA:230,9
DA:231,4
DA:239,5
DA:242,5
DA:245,5
DA:248,5
DA:254,5
DA:258,5
DA:264,13
DA:280,6
DA:281,5
DA:284,1
DA:286,1
DA:289,1
DA:290,1
DA:291,1
DA:293,1
DA:295,0
DA:315,4
DA:316,2
DA:321,2
DA:325,2
DA:344,11
DA:347,11
DA:348,11
DA:349,11
DA:350,11
DA:353,11
DA:356,11
DA:360,11
DA:366,11
DA:369,11
LF:90
LH:89
BRDA:15,0,0,4
BRDA:15,0,1,41
BRDA:23,1,0,9
BRDA:23,1,1,25
BRDA:24,2,0,34
BRDA:24,2,1,30
BRDA:24,2,2,27
BRDA:24,2,3,26
BRDA:24,2,4,25
BRDA:38,3,0,15
BRDA:38,3,1,10
BRDA:42,4,0,3
BRDA:42,4,1,12
BRDA:47,5,0,2
BRDA:47,5,1,10
BRDA:47,6,0,12
BRDA:47,6,1,4
BRDA:47,6,2,3
BRDA:52,7,0,3
BRDA:52,7,1,7
BRDA:52,8,0,10
BRDA:52,8,1,3
BRDA:57,9,0,2
BRDA:57,9,1,5
BRDA:57,10,0,7
BRDA:57,10,1,2
BRDA:62,11,0,1
BRDA:62,11,1,4
BRDA:68,12,0,2
BRDA:68,12,1,12
BRDA:73,13,0,1
BRDA:73,13,1,1
BRDA:74,14,0,2
BRDA:74,14,1,2
BRDA:81,15,0,1
BRDA:81,15,1,0
BRDA:82,16,0,1
BRDA:82,16,1,1
BRDA:82,16,2,1
BRDA:82,16,3,0
BRDA:114,17,0,1
BRDA:114,17,1,6
BRDA:129,18,0,1
BRDA:129,18,1,17
BRDA:136,19,0,3
BRDA:136,19,1,14
BRDA:187,20,0,9
BRDA:187,20,1,2
BRDA:189,21,0,8
BRDA:189,21,1,1
BRDA:209,22,0,5
BRDA:209,22,1,12
BRDA:209,23,0,17
BRDA:209,23,1,14
BRDA:216,24,0,12
BRDA:216,24,1,7
BRDA:225,25,0,4
BRDA:225,25,1,9
BRDA:225,26,0,13
BRDA:225,26,1,10
BRDA:230,27,0,4
BRDA:230,27,1,5
BRDA:230,28,0,9
BRDA:230,28,1,6
BRDA:258,29,0,5
BRDA:258,29,1,4
BRDA:258,29,2,2
BRDA:258,29,3,1
BRDA:258,29,4,1
BRDA:280,30,0,5
BRDA:280,30,1,1
BRDA:280,31,0,6
BRDA:280,31,1,3
BRDA:280,31,2,2
BRDA:315,32,0,2
BRDA:315,32,1,2
BRF:76
BRH:74
end_of_record
TN:
SF:shared\schema.ts
FN:21,(anonymous_0)
FN:42,(anonymous_1)
FN:85,(anonymous_2)
FN:120,(anonymous_3)
FN:146,(anonymous_4)
FN:179,(anonymous_5)
FN:198,(anonymous_6)
FN:220,(anonymous_7)
FN:245,(anonymous_8)
FN:265,(anonymous_9)
FN:287,(anonymous_10)
FN:310,(anonymous_11)
FN:333,(anonymous_12)
FN:353,(anonymous_13)
FN:373,(anonymous_14)
FN:393,(anonymous_15)
FN:413,(anonymous_16)
FN:427,(anonymous_17)
FN:467,(anonymous_18)
FN:475,(anonymous_19)
FN:490,(anonymous_20)
FN:503,(anonymous_21)
FN:512,(anonymous_22)
FN:541,(anonymous_23)
FN:567,(anonymous_24)
FN:571,(anonymous_25)
FN:591,(anonymous_26)
FN:608,(anonymous_27)
FN:615,(anonymous_28)
FN:633,(anonymous_29)
FN:638,(anonymous_30)
FN:665,(anonymous_31)
FN:693,(anonymous_32)
FN:721,(anonymous_33)
FN:739,(anonymous_34)
FN:764,(anonymous_35)
FN:788,(anonymous_36)
FN:807,(anonymous_37)
FN:826,(anonymous_38)
FN:842,(anonymous_39)
FN:851,(anonymous_40)
FN:866,(anonymous_41)
FN:874,(anonymous_42)
FN:892,(anonymous_43)
FN:909,(anonymous_44)
FN:932,(anonymous_45)
FN:951,(anonymous_46)
FN:957,(anonymous_47)
FN:967,(anonymous_48)
FN:974,(anonymous_49)
FN:982,(anonymous_50)
FN:987,(anonymous_51)
FN:992,(anonymous_52)
FN:1005,(anonymous_53)
FN:1018,(anonymous_54)
FN:1031,(anonymous_55)
FN:1036,(anonymous_56)
FN:1046,(anonymous_57)
FN:1054,(anonymous_58)
FN:1058,(anonymous_59)
FN:1062,(anonymous_60)
FN:1066,(anonymous_61)
FN:1075,(anonymous_62)
FN:1083,(anonymous_63)
FN:1093,(anonymous_64)
FN:1101,(anonymous_65)
FN:1114,(anonymous_66)
FN:1119,(anonymous_67)
FN:1127,(anonymous_68)
FN:1134,(anonymous_69)
FN:1144,(anonymous_70)
FNF:71
FNH:1
FNDA:10,(anonymous_0)
FNDA:0,(anonymous_1)
FNDA:0,(anonymous_2)
FNDA:0,(anonymous_3)
FNDA:0,(anonymous_4)
FNDA:0,(anonymous_5)
FNDA:0,(anonymous_6)
FNDA:0,(anonymous_7)
FNDA:0,(anonymous_8)
FNDA:0,(anonymous_9)
FNDA:0,(anonymous_10)
FNDA:0,(anonymous_11)
FNDA:0,(anonymous_12)
FNDA:0,(anonymous_13)
FNDA:0,(anonymous_14)
FNDA:0,(anonymous_15)
FNDA:0,(anonymous_16)
FNDA:0,(anonymous_17)
FNDA:0,(anonymous_18)
FNDA:0,(anonymous_19)
FNDA:0,(anonymous_20)
FNDA:0,(anonymous_21)
FNDA:0,(anonymous_22)
FNDA:0,(anonymous_23)
FNDA:0,(anonymous_24)
FNDA:0,(anonymous_25)
FNDA:0,(anonymous_26)
FNDA:0,(anonymous_27)
FNDA:0,(anonymous_28)
FNDA:0,(anonymous_29)
FNDA:0,(anonymous_30)
FNDA:0,(anonymous_31)
FNDA:0,(anonymous_32)
FNDA:0,(anonymous_33)
FNDA:0,(anonymous_34)
FNDA:0,(anonymous_35)
FNDA:0,(anonymous_36)
FNDA:0,(anonymous_37)
FNDA:0,(anonymous_38)
FNDA:0,(anonymous_39)
FNDA:0,(anonymous_40)
FNDA:0,(anonymous_41)
FNDA:0,(anonymous_42)
FNDA:0,(anonymous_43)
FNDA:0,(anonymous_44)
FNDA:0,(anonymous_45)
FNDA:0,(anonymous_46)
FNDA:0,(anonymous_47)
FNDA:0,(anonymous_48)
FNDA:0,(anonymous_49)
FNDA:0,(anonymous_50)
FNDA:0,(anonymous_51)
FNDA:0,(anonymous_52)
FNDA:0,(anonymous_53)
FNDA:0,(anonymous_54)
FNDA:0,(anonymous_55)
FNDA:0,(anonymous_56)
FNDA:0,(anonymous_57)
FNDA:0,(anonymous_58)
FNDA:0,(anonymous_59)
FNDA:0,(anonymous_60)
FNDA:0,(anonymous_61)
FNDA:0,(anonymous_62)
FNDA:0,(anonymous_63)
FNDA:0,(anonymous_64)
FNDA:0,(anonymous_65)
FNDA:0,(anonymous_66)
FNDA:0,(anonymous_67)
FNDA:0,(anonymous_68)
FNDA:0,(anonymous_69)
FNDA:0,(anonymous_70)
DA:20,5
DA:22,10
DA:27,5
DA:42,0
DA:53,5
DA:85,0
DA:108,5
DA:120,0
DA:134,5
DA:146,0
DA:164,5
DA:179,0
DA:190,5
DA:198,0
DA:206,5
DA:220,0
DA:231,5
DA:245,0
DA:256,5
DA:265,0
DA:276,5
DA:287,0
DA:298,5
DA:310,0
DA:321,5
DA:333,0
DA:344,5
DA:353,0
DA:364,5
DA:373,0
DA:384,5
DA:393,0
DA:404,5
DA:413,0
DA:424,5
DA:427,0
DA:461,5
DA:467,0
DA:475,0
DA:482,5
DA:490,0
DA:496,5
DA:503,0
DA:509,5
DA:512,0
DA:530,5
DA:541,0
DA:550,5
DA:561,5
DA:567,0
DA:571,0
DA:578,5
DA:591,0
DA:602,5
DA:608,0
DA:615,0
DA:627,5
DA:633,0
DA:638,0
DA:651,5
DA:665,0
DA:682,5
DA:693,0
DA:708,5
DA:721,0
DA:729,5
DA:739,0
DA:750,5
DA:764,0
DA:773,5
DA:788,0
DA:796,5
DA:807,0
DA:815,5
DA:826,0
DA:836,5
DA:842,0
DA:851,0
DA:859,5
DA:866,0
DA:874,0
DA:883,5
DA:892,0
DA:898,5
DA:909,0
DA:917,5
DA:932,0
DA:938,5
DA:951,0
DA:957,5
DA:967,5
DA:974,5
DA:982,5
DA:987,5
DA:992,5
DA:1005,5
DA:1018,5
DA:1031,5
DA:1036,5
DA:1044,5
DA:1046,0
DA:1054,5
DA:1058,5
DA:1062,5
DA:1066,5
DA:1073,5
DA:1075,0
DA:1081,5
DA:1083,0
DA:1091,5
DA:1093,0
DA:1101,5
DA:1114,5
DA:1119,5
DA:1127,5
DA:1134,5
DA:1142,5
DA:1144,0
DA:1153,5
DA:1157,5
DA:1160,5
DA:1163,5
DA:1166,5
DA:1169,5
DA:1172,5
DA:1175,5
DA:1178,5
DA:1181,5
DA:1184,5
DA:1187,5
DA:1190,5
DA:1194,5
DA:1197,5
DA:1201,5
DA:1204,5
DA:1207,5
DA:1211,5
DA:1214,5
DA:1217,5
DA:1220,5
DA:1224,5
DA:1227,5
DA:1230,5
DA:1233,5
DA:1236,5
DA:1239,5
DA:1242,5
DA:1248,5
DA:1251,5
DA:1254,5
DA:1257,5
DA:1260,5
DA:1263,5
LF:153
LH:102
BRF:0
BRH:0
end_of_record
